#
# A fatal error has been detected by the Java Runtime Environment:
#
#  EXCEPTION_ACCESS_VIOLATION (0xc0000005) at pc=0x000000006e7814a6, pid=20876, tid=14036
#
# JRE version: Java(TM) SE Runtime Environment (14.0.1+7) (build 14.0.1+7)
# Java VM: Java HotSpot(TM) 64-Bit Server VM (14.0.1+7, mixed mode, sharing, tiered, compressed oops, g1 gc, windows-amd64)
# Problematic frame:
# C  [JavaController.dll+0x14a6]
#
# No core dump will be written. Minidumps are not enabled by default on client versions of Windows
#
# If you would like to submit a bug report, please visit:
#   https://bugreport.java.com/bugreport/crash.jsp
# The crash happened outside the Java Virtual Machine in native code.
# See problematic frame for where to report the bug.
#

---------------  S U M M A R Y ------------

Command Line: -Djava.library.path=C:/Users/wangs/AppData/Local/Programs/Webots/lib/controller/java T10Controller

Host: Intel(R) Core(TM) i5-10300H CPU @ 2.50GHz, 8 cores, 7G,  Windows 10 , 64 bit Build 18362 (10.0.18362.1110)
Time: Mon Nov 23 12:26:31 2020 Eastern Standard Time elapsed time: 10 seconds (0d 0h 0m 10s)

---------------  T H R E A D  ---------------

Current thread (0x00000166b63a3800):  JavaThread "main" [_thread_in_native, id=14036, stack(0x0000004582800000,0x0000004582900000)]

Stack: [0x0000004582800000,0x0000004582900000],  sp=0x00000045828fecc0,  free space=1019k
Native frames: (J=compiled Java code, j=interpreted, Vv=VM code, C=native code)
C  [JavaController.dll+0x14a6]

Java frames: (J=compiled Java code, j=interpreted, Vv=VM code)
j  com.cyberbotics.webots.controller.wrapperJNI.Camera_getImage(JLcom/cyberbotics/webots/controller/Camera;)[I+0
j  com.cyberbotics.webots.controller.Camera.getImage()[I+5
j  simlejos.hardware.sensor.EV3ColorSensor$RedMode.fetchSample([FI)V+17
J 347 c1 simlejos.hardware.sensor.BaseSensor.fetchSample([FI)V (17 bytes) @ 0x00000166bf15507c [0x00000166bf154f40+0x000000000000013c]
j  ca.mcgill.ecse211.project.Localizer.stopAtLine()V+25
j  ca.mcgill.ecse211.project.Localizer.lightLocalize()V+3
j  ca.mcgill.ecse211.project.Main.main([Ljava/lang/String;)V+22
j  T10Controller.main([Ljava/lang/String;)V+1
v  ~StubRoutines::call_stub

siginfo: EXCEPTION_ACCESS_VIOLATION (0xc0000005), reading address 0x0000000000000000


Register to memory mapping:

RIP=0x000000006e7814a6 JavaController.dll
RAX=0x0 is NULL
RBX=0x0 is NULL
RCX=0x0000000000000001 is an unknown value
RDX=0xfffffe99b4618ae4 is an unknown value
RSP=0x00000045828fecc0 is pointing into the stack for thread: 0x00000166b63a3800
RBP=0x0000000000000001 is an unknown value
RSI=0x00000166b63a3b10 points into unknown readable memory: a0 1a a3 69 fe 7f 00 00
RDI=0x00000166d516ae60 points into unknown readable memory: f0 5d ad 8a 00 00 00 00
R8 =0x00000166d64bd320 points into unknown readable memory: 00 00 00 00 00 01 00 00
R9 =0x000000008aad5e00 points into unknown readable memory: 00 00 00 00 00 00 00 00
R10=0x0 is NULL
R11=0x00000045828feca0 is pointing into the stack for thread: 0x00000166b63a3800
R12=0x0 is NULL
R13={method} {0x00000166d575b4f0} 'Camera_getImage' '(JLcom/cyberbotics/webots/controller/Camera;)[I' in 'com/cyberbotics/webots/controller/wrapperJNI'
R14=0x00000045828fee18 is pointing into the stack for thread: 0x00000166b63a3800
R15=0x00000166b63a3800 is a thread


Registers:
RAX=0x0000000000000000, RBX=0x0000000000000000, RCX=0x0000000000000001, RDX=0xfffffe99b4618ae4
RSP=0x00000045828fecc0, RBP=0x0000000000000001, RSI=0x00000166b63a3b10, RDI=0x00000166d516ae60
R8 =0x00000166d64bd320, R9 =0x000000008aad5e00, R10=0x0000000000000000, R11=0x00000045828feca0
R12=0x0000000000000000, R13=0x00000166d575b4e8, R14=0x00000045828fee18, R15=0x00000166b63a3800
RIP=0x000000006e7814a6, EFLAGS=0x0000000000010202

Top of Stack: (sp=0x00000045828fecc0)
0x00000045828fecc0:   0000000000000000 0000000000000001
0x00000045828fecd0:   00000166b63a3b10 00000166d516ae60
0x00000045828fece0:   00000166b43cd9f0 00000166b43cd9f0
0x00000045828fecf0:   00000166b63a3b10 0000000000000000
0x00000045828fed00:   0000000000000001 000000006e7820a8
0x00000045828fed10:   00000166b43cd9f0 00000045828fefb8
0x00000045828fed20:   00000045828fef68 00007ffe69622949
0x00000045828fed30:   00000166b63a3800 00000166d575b4e8
0x00000045828fed40:   0000000800b9b9f0 00000166d57aae68
0x00000045828fed50:   00000045828fede8 00000166beb4f417
0x00000045828fed60:   00000045828fee70 00007ffe693aa5ad
0x00000045828fed70:   00000166d57a77e0 0000016600000008
0x00000045828fed80:   0000000000000000 00000166b63a3800
0x00000045828fed90:   00000166d577c020 00000166b63a3800
0x00000045828feda0:   00000045828feda0 0000000000000000
0x00000045828fedb0:   00000045828fee18 00000166d5770410 

Instructions: (pc=0x000000006e7814a6)
0x000000006e7813a6:   20 48 89 ce 4c 89 c7 48 8d 1d 4c ff 00 00 83 fa
0x000000006e7813b6:   01 74 0e 48 83 c3 10 8b 03 85 c0 74 04 39 d0 75
0x000000006e7813c6:   f2 48 8b 06 48 89 f1 ff 90 88 00 00 00 48 8b 53
0x000000006e7813d6:   08 48 8b 06 48 89 f1 ff 50 30 48 89 c2 48 85 c0
0x000000006e7813e6:   74 0d 48 8b 06 49 89 f8 48 89 f1 ff 50 70 90 48
0x000000006e7813f6:   83 c4 20 5b 5e 5f c3 55 57 56 53 48 83 ec 28 48
0x000000006e781406:   89 cf 48 89 d3 4c 89 c6 4c 89 cd 48 8b 01 4c 89
0x000000006e781416:   ca ff 90 58 05 00 00 85 c0 7e 16 89 c1 b8 00 00
0x000000006e781426:   00 00 8b 14 86 89 14 83 48 83 c0 01 48 39 c8 75
0x000000006e781436:   f1 48 8b 07 41 b9 00 00 00 00 49 89 d8 48 89 ea
0x000000006e781446:   48 89 f9 ff 90 18 06 00 00 90 48 83 c4 28 5b 5e
0x000000006e781456:   5f 5d c3 55 57 56 53 48 83 ec 28 48 89 ce 48 89
0x000000006e781466:   d3 44 89 c5 48 8b 01 44 89 c2 ff 90 98 05 00 00
0x000000006e781476:   48 89 c7 48 85 c0 74 4d 48 8b 06 41 b8 00 00 00
0x000000006e781486:   00 48 89 fa 48 89 f1 ff 90 d8 05 00 00 49 89 c0
0x000000006e781496:   48 85 c0 74 3c 85 ed 7e 17 89 e9 b8 00 00 00 00
0x000000006e7814a6:   8b 14 83 41 89 14 80 48 83 c0 01 48 39 c8 75 f0
0x000000006e7814b6:   48 8b 06 41 b9 00 00 00 00 48 89 fa 48 89 f1 ff
0x000000006e7814c6:   90 18 06 00 00 48 89 f8 48 83 c4 28 5b 5e 5f 5d
0x000000006e7814d6:   c3 48 89 c7 eb ef 55 57 56 53 48 83 ec 28 48 89
0x000000006e7814e6:   cf 48 89 d6 44 89 c3 48 8b 01 44 89 c2 ff 90 a8
0x000000006e7814f6:   05 00 00 48 89 c5 48 85 c0 74 51 48 8b 07 41 b8
0x000000006e781506:   00 00 00 00 48 89 ea 48 89 f9 ff 90 e8 05 00 00
0x000000006e781516:   49 89 c0 48 85 c0 74 40 85 db 7e 1b 89 da b8 00
0x000000006e781526:   00 00 00 f3 0f 10 04 86 f3 41 0f 11 04 80 48 83
0x000000006e781536:   c0 01 48 39 d0 75 ec 48 8b 07 41 b9 00 00 00 00
0x000000006e781546:   48 89 ea 48 89 f9 ff 90 28 06 00 00 48 89 e8 48
0x000000006e781556:   83 c4 28 5b 5e 5f 5d c3 48 89 c5 eb ef 55 57 56
0x000000006e781566:   53 48 83 ec 28 48 89 cf 48 89 d3 4c 89 c6 4c 89
0x000000006e781576:   cd 48 8b 01 4c 89 ca ff 90 58 05 00 00 85 c0 7e
0x000000006e781586:   1a 89 c2 b8 00 00 00 00 f2 0f 10 04 c6 f2 0f 11
0x000000006e781596:   04 c3 48 83 c0 01 48 39 d0 75 ed 48 8b 07 41 b9 


Stack slot to memory mapping:
stack at sp + 0 slots: 0x0 is NULL
stack at sp + 1 slots: 0x0000000000000001 is an unknown value
stack at sp + 2 slots: 0x00000166b63a3b10 points into unknown readable memory: a0 1a a3 69 fe 7f 00 00
stack at sp + 3 slots: 0x00000166d516ae60 points into unknown readable memory: f0 5d ad 8a 00 00 00 00
stack at sp + 4 slots: 0x00000166b43cd9f0 points into unknown readable memory: 40 8c f5 64 00 00 00 00
stack at sp + 5 slots: 0x00000166b43cd9f0 points into unknown readable memory: 40 8c f5 64 00 00 00 00
stack at sp + 6 slots: 0x00000166b63a3b10 points into unknown readable memory: a0 1a a3 69 fe 7f 00 00
stack at sp + 7 slots: 0x0 is NULL


---------------  P R O C E S S  ---------------

Threads class SMR info:
_java_thread_list=0x00000166d5e2ab20, length=13, elements={
0x00000166b63a3800, 0x00000166d52f4800, 0x00000166d52f6800, 0x00000166d5315000,
0x00000166d5316000, 0x00000166d5318800, 0x00000166d531c000, 0x00000166d532b000,
0x00000166d5c48800, 0x00000166d5d61800, 0x00000166d5d82000, 0x00000166d5d80000,
0x00000166d5e37800
}

Java Threads: ( => current thread )
=>0x00000166b63a3800 JavaThread "main" [_thread_in_native, id=14036, stack(0x0000004582800000,0x0000004582900000)]
  0x00000166d52f4800 JavaThread "Reference Handler" daemon [_thread_blocked, id=9948, stack(0x0000004582f00000,0x0000004583000000)]
  0x00000166d52f6800 JavaThread "Finalizer" daemon [_thread_blocked, id=13820, stack(0x0000004583000000,0x0000004583100000)]
  0x00000166d5315000 JavaThread "Signal Dispatcher" daemon [_thread_blocked, id=15416, stack(0x0000004583100000,0x0000004583200000)]
  0x00000166d5316000 JavaThread "Attach Listener" daemon [_thread_blocked, id=6664, stack(0x0000004583200000,0x0000004583300000)]
  0x00000166d5318800 JavaThread "Service Thread" daemon [_thread_blocked, id=1392, stack(0x0000004583300000,0x0000004583400000)]
  0x00000166d531c000 JavaThread "C2 CompilerThread0" daemon [_thread_blocked, id=21476, stack(0x0000004583400000,0x0000004583500000)]
  0x00000166d532b000 JavaThread "C1 CompilerThread0" daemon [_thread_blocked, id=15588, stack(0x0000004583500000,0x0000004583600000)]
  0x00000166d5c48800 JavaThread "Sweeper thread" daemon [_thread_blocked, id=7484, stack(0x0000004583600000,0x0000004583700000)]
  0x00000166d5d61800 JavaThread "Notification Thread" daemon [_thread_blocked, id=10868, stack(0x0000004583700000,0x0000004583800000)]
  0x00000166d5d82000 JavaThread "Common-Cleaner" daemon [_thread_blocked, id=2824, stack(0x0000004583900000,0x0000004583a00000)]
  0x00000166d5d80000 JavaThread "Thread-0" [_thread_in_native, id=17256, stack(0x0000004583a00000,0x0000004583b00000)]
  0x00000166d5e37800 JavaThread "Thread-1" [_thread_blocked, id=14196, stack(0x0000004583b00000,0x0000004583c00000)]

Other Threads:
  0x00000166d52f0800 VMThread "VM Thread" [stack: 0x0000004582e00000,0x0000004582f00000] [id=15820]
  0x00000166d5d81000 WatcherThread [stack: 0x0000004583800000,0x0000004583900000] [id=12532]
  0x00000166b63e1000 GCTaskThread "GC Thread#0" [stack: 0x0000004582900000,0x0000004582a00000] [id=6504]
  0x00000166b63f3800 ConcurrentGCThread "G1 Main Marker" [stack: 0x0000004582a00000,0x0000004582b00000] [id=3452]
  0x00000166b63f4800 ConcurrentGCThread "G1 Conc#0" [stack: 0x0000004582b00000,0x0000004582c00000] [id=15748]
  0x00000166d5163800 ConcurrentGCThread "G1 Refine#0" [stack: 0x0000004582c00000,0x0000004582d00000] [id=18672]
  0x00000166d5167800 ConcurrentGCThread "G1 Young RemSet Sampling" [stack: 0x0000004582d00000,0x0000004582e00000] [id=3296]

Threads with active compile tasks:

VM state:not at safepoint (normal execution)

VM Mutex/Monitor currently owned by a thread: None

Heap address: 0x0000000083400000, size: 1996 MB, Compressed Oops mode: 32-bit
Narrow klass base: 0x0000000800000000, Narrow klass shift: 3
Compressed class space size: 1073741824 Address: 0x0000000800b30000

Heap:
 garbage-first heap   total 129024K, used 7168K [0x0000000083400000, 0x0000000100000000)
  region size 1024K, 8 young (8192K), 0 survivors (0K)
 Metaspace       used 1693K, capacity 5052K, committed 5120K, reserved 1056768K
  class space    used 176K, capacity 472K, committed 512K, reserved 1048576K
Heap Regions: E=young(eden), S=young(survivor), O=old, HS=humongous(starts), HC=humongous(continues), CS=collection set, F=free, OA=open archive, CA=closed archive, TAMS=top-at-mark-start (previous, next)
|   0|0x0000000083400000, 0x0000000083400000, 0x0000000083500000|  0%| F|  |TAMS 0x0000000083400000, 0x0000000083400000| Untracked 
|   1|0x0000000083500000, 0x0000000083500000, 0x0000000083600000|  0%| F|  |TAMS 0x0000000083500000, 0x0000000083500000| Untracked 
|   2|0x0000000083600000, 0x0000000083600000, 0x0000000083700000|  0%| F|  |TAMS 0x0000000083600000, 0x0000000083600000| Untracked 
|   3|0x0000000083700000, 0x0000000083700000, 0x0000000083800000|  0%| F|  |TAMS 0x0000000083700000, 0x0000000083700000| Untracked 
|   4|0x0000000083800000, 0x0000000083800000, 0x0000000083900000|  0%| F|  |TAMS 0x0000000083800000, 0x0000000083800000| Untracked 
|   5|0x0000000083900000, 0x0000000083900000, 0x0000000083a00000|  0%| F|  |TAMS 0x0000000083900000, 0x0000000083900000| Untracked 
|   6|0x0000000083a00000, 0x0000000083a00000, 0x0000000083b00000|  0%| F|  |TAMS 0x0000000083a00000, 0x0000000083a00000| Untracked 
|   7|0x0000000083b00000, 0x0000000083b00000, 0x0000000083c00000|  0%| F|  |TAMS 0x0000000083b00000, 0x0000000083b00000| Untracked 
|   8|0x0000000083c00000, 0x0000000083c00000, 0x0000000083d00000|  0%| F|  |TAMS 0x0000000083c00000, 0x0000000083c00000| Untracked 
|   9|0x0000000083d00000, 0x0000000083d00000, 0x0000000083e00000|  0%| F|  |TAMS 0x0000000083d00000, 0x0000000083d00000| Untracked 
|  10|0x0000000083e00000, 0x0000000083e00000, 0x0000000083f00000|  0%| F|  |TAMS 0x0000000083e00000, 0x0000000083e00000| Untracked 
|  11|0x0000000083f00000, 0x0000000083f00000, 0x0000000084000000|  0%| F|  |TAMS 0x0000000083f00000, 0x0000000083f00000| Untracked 
|  12|0x0000000084000000, 0x0000000084000000, 0x0000000084100000|  0%| F|  |TAMS 0x0000000084000000, 0x0000000084000000| Untracked 
|  13|0x0000000084100000, 0x0000000084100000, 0x0000000084200000|  0%| F|  |TAMS 0x0000000084100000, 0x0000000084100000| Untracked 
|  14|0x0000000084200000, 0x0000000084200000, 0x0000000084300000|  0%| F|  |TAMS 0x0000000084200000, 0x0000000084200000| Untracked 
|  15|0x0000000084300000, 0x0000000084300000, 0x0000000084400000|  0%| F|  |TAMS 0x0000000084300000, 0x0000000084300000| Untracked 
|  16|0x0000000084400000, 0x0000000084400000, 0x0000000084500000|  0%| F|  |TAMS 0x0000000084400000, 0x0000000084400000| Untracked 
|  17|0x0000000084500000, 0x0000000084500000, 0x0000000084600000|  0%| F|  |TAMS 0x0000000084500000, 0x0000000084500000| Untracked 
|  18|0x0000000084600000, 0x0000000084600000, 0x0000000084700000|  0%| F|  |TAMS 0x0000000084600000, 0x0000000084600000| Untracked 
|  19|0x0000000084700000, 0x0000000084700000, 0x0000000084800000|  0%| F|  |TAMS 0x0000000084700000, 0x0000000084700000| Untracked 
|  20|0x0000000084800000, 0x0000000084800000, 0x0000000084900000|  0%| F|  |TAMS 0x0000000084800000, 0x0000000084800000| Untracked 
|  21|0x0000000084900000, 0x0000000084900000, 0x0000000084a00000|  0%| F|  |TAMS 0x0000000084900000, 0x0000000084900000| Untracked 
|  22|0x0000000084a00000, 0x0000000084a00000, 0x0000000084b00000|  0%| F|  |TAMS 0x0000000084a00000, 0x0000000084a00000| Untracked 
|  23|0x0000000084b00000, 0x0000000084b00000, 0x0000000084c00000|  0%| F|  |TAMS 0x0000000084b00000, 0x0000000084b00000| Untracked 
|  24|0x0000000084c00000, 0x0000000084c00000, 0x0000000084d00000|  0%| F|  |TAMS 0x0000000084c00000, 0x0000000084c00000| Untracked 
|  25|0x0000000084d00000, 0x0000000084d00000, 0x0000000084e00000|  0%| F|  |TAMS 0x0000000084d00000, 0x0000000084d00000| Untracked 
|  26|0x0000000084e00000, 0x0000000084e00000, 0x0000000084f00000|  0%| F|  |TAMS 0x0000000084e00000, 0x0000000084e00000| Untracked 
|  27|0x0000000084f00000, 0x0000000084f00000, 0x0000000085000000|  0%| F|  |TAMS 0x0000000084f00000, 0x0000000084f00000| Untracked 
|  28|0x0000000085000000, 0x0000000085000000, 0x0000000085100000|  0%| F|  |TAMS 0x0000000085000000, 0x0000000085000000| Untracked 
|  29|0x0000000085100000, 0x0000000085100000, 0x0000000085200000|  0%| F|  |TAMS 0x0000000085100000, 0x0000000085100000| Untracked 
|  30|0x0000000085200000, 0x0000000085200000, 0x0000000085300000|  0%| F|  |TAMS 0x0000000085200000, 0x0000000085200000| Untracked 
|  31|0x0000000085300000, 0x0000000085300000, 0x0000000085400000|  0%| F|  |TAMS 0x0000000085300000, 0x0000000085300000| Untracked 
|  32|0x0000000085400000, 0x0000000085400000, 0x0000000085500000|  0%| F|  |TAMS 0x0000000085400000, 0x0000000085400000| Untracked 
|  33|0x0000000085500000, 0x0000000085500000, 0x0000000085600000|  0%| F|  |TAMS 0x0000000085500000, 0x0000000085500000| Untracked 
|  34|0x0000000085600000, 0x0000000085600000, 0x0000000085700000|  0%| F|  |TAMS 0x0000000085600000, 0x0000000085600000| Untracked 
|  35|0x0000000085700000, 0x0000000085700000, 0x0000000085800000|  0%| F|  |TAMS 0x0000000085700000, 0x0000000085700000| Untracked 
|  36|0x0000000085800000, 0x0000000085800000, 0x0000000085900000|  0%| F|  |TAMS 0x0000000085800000, 0x0000000085800000| Untracked 
|  37|0x0000000085900000, 0x0000000085900000, 0x0000000085a00000|  0%| F|  |TAMS 0x0000000085900000, 0x0000000085900000| Untracked 
|  38|0x0000000085a00000, 0x0000000085a00000, 0x0000000085b00000|  0%| F|  |TAMS 0x0000000085a00000, 0x0000000085a00000| Untracked 
|  39|0x0000000085b00000, 0x0000000085b00000, 0x0000000085c00000|  0%| F|  |TAMS 0x0000000085b00000, 0x0000000085b00000| Untracked 
|  40|0x0000000085c00000, 0x0000000085c00000, 0x0000000085d00000|  0%| F|  |TAMS 0x0000000085c00000, 0x0000000085c00000| Untracked 
|  41|0x0000000085d00000, 0x0000000085d00000, 0x0000000085e00000|  0%| F|  |TAMS 0x0000000085d00000, 0x0000000085d00000| Untracked 
|  42|0x0000000085e00000, 0x0000000085e00000, 0x0000000085f00000|  0%| F|  |TAMS 0x0000000085e00000, 0x0000000085e00000| Untracked 
|  43|0x0000000085f00000, 0x0000000085f00000, 0x0000000086000000|  0%| F|  |TAMS 0x0000000085f00000, 0x0000000085f00000| Untracked 
|  44|0x0000000086000000, 0x0000000086000000, 0x0000000086100000|  0%| F|  |TAMS 0x0000000086000000, 0x0000000086000000| Untracked 
|  45|0x0000000086100000, 0x0000000086100000, 0x0000000086200000|  0%| F|  |TAMS 0x0000000086100000, 0x0000000086100000| Untracked 
|  46|0x0000000086200000, 0x0000000086200000, 0x0000000086300000|  0%| F|  |TAMS 0x0000000086200000, 0x0000000086200000| Untracked 
|  47|0x0000000086300000, 0x0000000086300000, 0x0000000086400000|  0%| F|  |TAMS 0x0000000086300000, 0x0000000086300000| Untracked 
|  48|0x0000000086400000, 0x0000000086400000, 0x0000000086500000|  0%| F|  |TAMS 0x0000000086400000, 0x0000000086400000| Untracked 
|  49|0x0000000086500000, 0x0000000086500000, 0x0000000086600000|  0%| F|  |TAMS 0x0000000086500000, 0x0000000086500000| Untracked 
|  50|0x0000000086600000, 0x0000000086600000, 0x0000000086700000|  0%| F|  |TAMS 0x0000000086600000, 0x0000000086600000| Untracked 
|  51|0x0000000086700000, 0x0000000086700000, 0x0000000086800000|  0%| F|  |TAMS 0x0000000086700000, 0x0000000086700000| Untracked 
|  52|0x0000000086800000, 0x0000000086800000, 0x0000000086900000|  0%| F|  |TAMS 0x0000000086800000, 0x0000000086800000| Untracked 
|  53|0x0000000086900000, 0x0000000086900000, 0x0000000086a00000|  0%| F|  |TAMS 0x0000000086900000, 0x0000000086900000| Untracked 
|  54|0x0000000086a00000, 0x0000000086a00000, 0x0000000086b00000|  0%| F|  |TAMS 0x0000000086a00000, 0x0000000086a00000| Untracked 
|  55|0x0000000086b00000, 0x0000000086b00000, 0x0000000086c00000|  0%| F|  |TAMS 0x0000000086b00000, 0x0000000086b00000| Untracked 
|  56|0x0000000086c00000, 0x0000000086c00000, 0x0000000086d00000|  0%| F|  |TAMS 0x0000000086c00000, 0x0000000086c00000| Untracked 
|  57|0x0000000086d00000, 0x0000000086d00000, 0x0000000086e00000|  0%| F|  |TAMS 0x0000000086d00000, 0x0000000086d00000| Untracked 
|  58|0x0000000086e00000, 0x0000000086e00000, 0x0000000086f00000|  0%| F|  |TAMS 0x0000000086e00000, 0x0000000086e00000| Untracked 
|  59|0x0000000086f00000, 0x0000000086f00000, 0x0000000087000000|  0%| F|  |TAMS 0x0000000086f00000, 0x0000000086f00000| Untracked 
|  60|0x0000000087000000, 0x0000000087000000, 0x0000000087100000|  0%| F|  |TAMS 0x0000000087000000, 0x0000000087000000| Untracked 
|  61|0x0000000087100000, 0x0000000087100000, 0x0000000087200000|  0%| F|  |TAMS 0x0000000087100000, 0x0000000087100000| Untracked 
|  62|0x0000000087200000, 0x0000000087200000, 0x0000000087300000|  0%| F|  |TAMS 0x0000000087200000, 0x0000000087200000| Untracked 
|  63|0x0000000087300000, 0x0000000087300000, 0x0000000087400000|  0%| F|  |TAMS 0x0000000087300000, 0x0000000087300000| Untracked 
|  64|0x0000000087400000, 0x0000000087400000, 0x0000000087500000|  0%| F|  |TAMS 0x0000000087400000, 0x0000000087400000| Untracked 
|  65|0x0000000087500000, 0x0000000087500000, 0x0000000087600000|  0%| F|  |TAMS 0x0000000087500000, 0x0000000087500000| Untracked 
|  66|0x0000000087600000, 0x0000000087600000, 0x0000000087700000|  0%| F|  |TAMS 0x0000000087600000, 0x0000000087600000| Untracked 
|  67|0x0000000087700000, 0x0000000087700000, 0x0000000087800000|  0%| F|  |TAMS 0x0000000087700000, 0x0000000087700000| Untracked 
|  68|0x0000000087800000, 0x0000000087800000, 0x0000000087900000|  0%| F|  |TAMS 0x0000000087800000, 0x0000000087800000| Untracked 
|  69|0x0000000087900000, 0x0000000087900000, 0x0000000087a00000|  0%| F|  |TAMS 0x0000000087900000, 0x0000000087900000| Untracked 
|  70|0x0000000087a00000, 0x0000000087a00000, 0x0000000087b00000|  0%| F|  |TAMS 0x0000000087a00000, 0x0000000087a00000| Untracked 
|  71|0x0000000087b00000, 0x0000000087b00000, 0x0000000087c00000|  0%| F|  |TAMS 0x0000000087b00000, 0x0000000087b00000| Untracked 
|  72|0x0000000087c00000, 0x0000000087c00000, 0x0000000087d00000|  0%| F|  |TAMS 0x0000000087c00000, 0x0000000087c00000| Untracked 
|  73|0x0000000087d00000, 0x0000000087d00000, 0x0000000087e00000|  0%| F|  |TAMS 0x0000000087d00000, 0x0000000087d00000| Untracked 
|  74|0x0000000087e00000, 0x0000000087e00000, 0x0000000087f00000|  0%| F|  |TAMS 0x0000000087e00000, 0x0000000087e00000| Untracked 
|  75|0x0000000087f00000, 0x0000000087f00000, 0x0000000088000000|  0%| F|  |TAMS 0x0000000087f00000, 0x0000000087f00000| Untracked 
|  76|0x0000000088000000, 0x0000000088000000, 0x0000000088100000|  0%| F|  |TAMS 0x0000000088000000, 0x0000000088000000| Untracked 
|  77|0x0000000088100000, 0x0000000088100000, 0x0000000088200000|  0%| F|  |TAMS 0x0000000088100000, 0x0000000088100000| Untracked 
|  78|0x0000000088200000, 0x0000000088200000, 0x0000000088300000|  0%| F|  |TAMS 0x0000000088200000, 0x0000000088200000| Untracked 
|  79|0x0000000088300000, 0x0000000088300000, 0x0000000088400000|  0%| F|  |TAMS 0x0000000088300000, 0x0000000088300000| Untracked 
|  80|0x0000000088400000, 0x0000000088400000, 0x0000000088500000|  0%| F|  |TAMS 0x0000000088400000, 0x0000000088400000| Untracked 
|  81|0x0000000088500000, 0x0000000088500000, 0x0000000088600000|  0%| F|  |TAMS 0x0000000088500000, 0x0000000088500000| Untracked 
|  82|0x0000000088600000, 0x0000000088600000, 0x0000000088700000|  0%| F|  |TAMS 0x0000000088600000, 0x0000000088600000| Untracked 
|  83|0x0000000088700000, 0x0000000088700000, 0x0000000088800000|  0%| F|  |TAMS 0x0000000088700000, 0x0000000088700000| Untracked 
|  84|0x0000000088800000, 0x0000000088800000, 0x0000000088900000|  0%| F|  |TAMS 0x0000000088800000, 0x0000000088800000| Untracked 
|  85|0x0000000088900000, 0x0000000088900000, 0x0000000088a00000|  0%| F|  |TAMS 0x0000000088900000, 0x0000000088900000| Untracked 
|  86|0x0000000088a00000, 0x0000000088a00000, 0x0000000088b00000|  0%| F|  |TAMS 0x0000000088a00000, 0x0000000088a00000| Untracked 
|  87|0x0000000088b00000, 0x0000000088b00000, 0x0000000088c00000|  0%| F|  |TAMS 0x0000000088b00000, 0x0000000088b00000| Untracked 
|  88|0x0000000088c00000, 0x0000000088c00000, 0x0000000088d00000|  0%| F|  |TAMS 0x0000000088c00000, 0x0000000088c00000| Untracked 
|  89|0x0000000088d00000, 0x0000000088d00000, 0x0000000088e00000|  0%| F|  |TAMS 0x0000000088d00000, 0x0000000088d00000| Untracked 
|  90|0x0000000088e00000, 0x0000000088e00000, 0x0000000088f00000|  0%| F|  |TAMS 0x0000000088e00000, 0x0000000088e00000| Untracked 
|  91|0x0000000088f00000, 0x0000000088f00000, 0x0000000089000000|  0%| F|  |TAMS 0x0000000088f00000, 0x0000000088f00000| Untracked 
|  92|0x0000000089000000, 0x0000000089000000, 0x0000000089100000|  0%| F|  |TAMS 0x0000000089000000, 0x0000000089000000| Untracked 
|  93|0x0000000089100000, 0x0000000089100000, 0x0000000089200000|  0%| F|  |TAMS 0x0000000089100000, 0x0000000089100000| Untracked 
|  94|0x0000000089200000, 0x0000000089200000, 0x0000000089300000|  0%| F|  |TAMS 0x0000000089200000, 0x0000000089200000| Untracked 
|  95|0x0000000089300000, 0x0000000089300000, 0x0000000089400000|  0%| F|  |TAMS 0x0000000089300000, 0x0000000089300000| Untracked 
|  96|0x0000000089400000, 0x0000000089400000, 0x0000000089500000|  0%| F|  |TAMS 0x0000000089400000, 0x0000000089400000| Untracked 
|  97|0x0000000089500000, 0x0000000089500000, 0x0000000089600000|  0%| F|  |TAMS 0x0000000089500000, 0x0000000089500000| Untracked 
|  98|0x0000000089600000, 0x0000000089600000, 0x0000000089700000|  0%| F|  |TAMS 0x0000000089600000, 0x0000000089600000| Untracked 
|  99|0x0000000089700000, 0x0000000089700000, 0x0000000089800000|  0%| F|  |TAMS 0x0000000089700000, 0x0000000089700000| Untracked 
| 100|0x0000000089800000, 0x0000000089800000, 0x0000000089900000|  0%| F|  |TAMS 0x0000000089800000, 0x0000000089800000| Untracked 
| 101|0x0000000089900000, 0x0000000089900000, 0x0000000089a00000|  0%| F|  |TAMS 0x0000000089900000, 0x0000000089900000| Untracked 
| 102|0x0000000089a00000, 0x0000000089a00000, 0x0000000089b00000|  0%| F|  |TAMS 0x0000000089a00000, 0x0000000089a00000| Untracked 
| 103|0x0000000089b00000, 0x0000000089b00000, 0x0000000089c00000|  0%| F|  |TAMS 0x0000000089b00000, 0x0000000089b00000| Untracked 
| 104|0x0000000089c00000, 0x0000000089c00000, 0x0000000089d00000|  0%| F|  |TAMS 0x0000000089c00000, 0x0000000089c00000| Untracked 
| 105|0x0000000089d00000, 0x0000000089d00000, 0x0000000089e00000|  0%| F|  |TAMS 0x0000000089d00000, 0x0000000089d00000| Untracked 
| 106|0x0000000089e00000, 0x0000000089e00000, 0x0000000089f00000|  0%| F|  |TAMS 0x0000000089e00000, 0x0000000089e00000| Untracked 
| 107|0x0000000089f00000, 0x0000000089f00000, 0x000000008a000000|  0%| F|  |TAMS 0x0000000089f00000, 0x0000000089f00000| Untracked 
| 108|0x000000008a000000, 0x000000008a000000, 0x000000008a100000|  0%| F|  |TAMS 0x000000008a000000, 0x000000008a000000| Untracked 
| 109|0x000000008a100000, 0x000000008a100000, 0x000000008a200000|  0%| F|  |TAMS 0x000000008a100000, 0x000000008a100000| Untracked 
| 110|0x000000008a200000, 0x000000008a200000, 0x000000008a300000|  0%| F|  |TAMS 0x000000008a200000, 0x000000008a200000| Untracked 
| 111|0x000000008a300000, 0x000000008a300000, 0x000000008a400000|  0%| F|  |TAMS 0x000000008a300000, 0x000000008a300000| Untracked 
| 112|0x000000008a400000, 0x000000008a400000, 0x000000008a500000|  0%| F|  |TAMS 0x000000008a400000, 0x000000008a400000| Untracked 
| 113|0x000000008a500000, 0x000000008a500000, 0x000000008a600000|  0%| F|  |TAMS 0x000000008a500000, 0x000000008a500000| Untracked 
| 114|0x000000008a600000, 0x000000008a600000, 0x000000008a700000|  0%| F|  |TAMS 0x000000008a600000, 0x000000008a600000| Untracked 
| 115|0x000000008a700000, 0x000000008a700000, 0x000000008a800000|  0%| F|  |TAMS 0x000000008a700000, 0x000000008a700000| Untracked 
| 116|0x000000008a800000, 0x000000008a800000, 0x000000008a900000|  0%| F|  |TAMS 0x000000008a800000, 0x000000008a800000| Untracked 
| 117|0x000000008a900000, 0x000000008a900000, 0x000000008aa00000|  0%| F|  |TAMS 0x000000008a900000, 0x000000008a900000| Untracked 
| 118|0x000000008aa00000, 0x000000008aaec090, 0x000000008ab00000| 92%| E|  |TAMS 0x000000008aa00000, 0x000000008aa00000| Complete 
| 119|0x000000008ab00000, 0x000000008ac00000, 0x000000008ac00000|100%| E|CS|TAMS 0x000000008ab00000, 0x000000008ab00000| Complete 
| 120|0x000000008ac00000, 0x000000008ad00000, 0x000000008ad00000|100%| E|CS|TAMS 0x000000008ac00000, 0x000000008ac00000| Complete 
| 121|0x000000008ad00000, 0x000000008ae00000, 0x000000008ae00000|100%| E|CS|TAMS 0x000000008ad00000, 0x000000008ad00000| Complete 
| 122|0x000000008ae00000, 0x000000008af00000, 0x000000008af00000|100%| E|CS|TAMS 0x000000008ae00000, 0x000000008ae00000| Complete 
| 123|0x000000008af00000, 0x000000008b000000, 0x000000008b000000|100%| E|CS|TAMS 0x000000008af00000, 0x000000008af00000| Complete 
| 124|0x000000008b000000, 0x000000008b100000, 0x000000008b100000|100%| E|CS|TAMS 0x000000008b000000, 0x000000008b000000| Complete 
| 125|0x000000008b100000, 0x000000008b200000, 0x000000008b200000|100%| E|CS|TAMS 0x000000008b100000, 0x000000008b100000| Complete 

Card table byte_map: [0x00000166ce260000,0x00000166ce650000] _byte_map_base: 0x00000166cde46000

Marking Bits (Prev, Next): (CMBitMap*) 0x00000166b63e1958, (CMBitMap*) 0x00000166b63e1998
 Prev Bits: [0x00000166cea40000, 0x00000166d0970000)
 Next Bits: [0x00000166d0970000, 0x00000166d28a0000)

Polling page: 0x00000166b4360000

Metaspace:

Usage:
  Non-class:      4.47 MB capacity,     1.48 MB ( 33%) used,     2.99 MB ( 67%) free+waste,     5.19 KB ( <1%) overhead. 
      Class:    472.00 KB capacity,   176.09 KB ( 37%) used,   292.66 KB ( 62%) free+waste,     3.25 KB ( <1%) overhead. 
       Both:      4.93 MB capacity,     1.65 MB ( 34%) used,     3.27 MB ( 66%) free+waste,     8.44 KB ( <1%) overhead. 

Virtual space:
  Non-class space:        8.00 MB reserved,       4.50 MB ( 56%) committed 
      Class space:        1.00 GB reserved,     512.00 KB ( <1%) committed 
             Both:        1.01 GB reserved,       5.00 MB ( <1%) committed 

Chunk freelists:
   Non-Class:  0 bytes
       Class:  0 bytes
        Both:  0 bytes

MaxMetaspaceSize: 17179869184.00 GB
CompressedClassSpaceSize: 1.00 GB

CodeHeap 'non-profiled nmethods': size=120000Kb used=212Kb max_used=212Kb free=119787Kb
 bounds [0x00000166c6610000, 0x00000166c6880000, 0x00000166cdb40000]
CodeHeap 'profiled nmethods': size=120000Kb used=630Kb max_used=630Kb free=119369Kb
 bounds [0x00000166bf0e0000, 0x00000166bf350000, 0x00000166c6610000]
CodeHeap 'non-nmethods': size=5760Kb used=1179Kb max_used=1195Kb free=4580Kb
 bounds [0x00000166beb40000, 0x00000166bedb0000, 0x00000166bf0e0000]
 total_blobs=1287 nmethods=467 adapters=353
 compilation: enabled
              stopped_count=0, restarted_count=0
 full_count=0

Compilation events (20 events):
Event: 10.418 Thread 0x00000166d532b000 nmethod 446 0x00000166c6643890 code [0x00000166c6643a20, 0x00000166c6643af8]
Event: 10.418 Thread 0x00000166d532b000  459       3       jdk.internal.org.objectweb.asm.Frame::getLocal (46 bytes)
Event: 10.418 Thread 0x00000166d531c000 nmethod 441 0x00000166c6643b90 code [0x00000166c6643d40, 0x00000166c6643fd8]
Event: 10.418 Thread 0x00000166d531c000  449       4       java.lang.StringLatin1::charAt (28 bytes)
Event: 10.418 Thread 0x00000166d532b000 nmethod 459 0x00000166bf179110 code [0x00000166bf1792a0, 0x00000166bf1794b8]
Event: 10.418 Thread 0x00000166d532b000  457       3       java.lang.invoke.InvokerBytecodeGenerator::emitImplicitConversion (161 bytes)
Event: 10.418 Thread 0x00000166d531c000 nmethod 449 0x00000166c6644410 code [0x00000166c66445a0, 0x00000166c6644658]
Event: 10.418 Thread 0x00000166d531c000  451       4       jdk.internal.org.objectweb.asm.SymbolTable::get (13 bytes)
Event: 10.419 Thread 0x00000166d532b000 nmethod 457 0x00000166bf179590 code [0x00000166bf1798c0, 0x00000166bf17a998]
Event: 10.419 Thread 0x00000166d532b000  463       3       jdk.internal.org.objectweb.asm.SymbolTable::addConstantMemberReference (147 bytes)
Event: 10.419 Thread 0x00000166d531c000 nmethod 451 0x00000166c6644d10 code [0x00000166c6644ec0, 0x00000166c6644fd8]
Event: 10.419 Thread 0x00000166d531c000  460       4       java.lang.invoke.MethodType::parameterType (7 bytes)
Event: 10.419 Thread 0x00000166d531c000 nmethod 460 0x00000166c6645090 code [0x00000166c6645220, 0x00000166c66452f8]
Event: 10.419 Thread 0x00000166d532b000 nmethod 463 0x00000166bf17af10 code [0x00000166bf17b180, 0x00000166bf17bac8]
Event: 10.419 Thread 0x00000166d532b000  458       3       java.lang.invoke.InvokerBytecodeGenerator::loadInsnOpcode (87 bytes)
Event: 10.420 Thread 0x00000166d532b000 nmethod 458 0x00000166bf17c090 code [0x00000166bf17c300, 0x00000166bf17ce98]
Event: 10.420 Thread 0x00000166d532b000  464       3       jdk.internal.org.objectweb.asm.Frame::pop (42 bytes)
Event: 10.420 Thread 0x00000166d532b000 nmethod 464 0x00000166bf17d290 code [0x00000166bf17d420, 0x00000166bf17d5d8]
Event: 10.420 Thread 0x00000166d532b000  467       3       java.lang.invoke.LambdaForm::parameterType (9 bytes)
Event: 10.420 Thread 0x00000166d532b000 nmethod 467 0x00000166bf17d690 code [0x00000166bf17d840, 0x00000166bf17d9a8]

GC Heap History (0 events):
No events

Deoptimization events (20 events):
Event: 7.255 Thread 0x00000166b63a3800 Uncommon trap: trap_request=0xffffff45 fr.pc=0x00000166c6636d0c relative=0x000000000000014c
Event: 7.255 Thread 0x00000166b63a3800 Uncommon trap: reason=unstable_if action=reinterpret pc=0x00000166c6636d0c method=java.util.concurrent.locks.ReentrantLock$FairSync.initialTryLock()Z @ 10 c2
Event: 7.255 Thread 0x00000166b63a3800 DEOPT PACKING pc=0x00000166c6636d0c sp=0x00000045828fedb0
Event: 7.255 Thread 0x00000166b63a3800 DEOPT UNPACKING pc=0x00000166beb8912f sp=0x00000045828fed68 mode 2
Event: 9.356 Thread 0x00000166b63a3800 Uncommon trap: trap_request=0xffffff5c fr.pc=0x00000166c66327dc relative=0x0000000000000f1c
Event: 9.356 Thread 0x00000166b63a3800 Uncommon trap: reason=speculate_null_check action=make_not_entrant pc=0x00000166c66327dc method=java.util.concurrent.locks.AbstractQueuedSynchronizer.acquire(Ljava/util/concurrent/locks/AbstractQueuedSynchronizer$Node;IZZZJ)I @ 254 c2
Event: 9.356 Thread 0x00000166b63a3800 DEOPT PACKING pc=0x00000166c66327dc sp=0x00000045828fecd0
Event: 9.356 Thread 0x00000166b63a3800 DEOPT UNPACKING pc=0x00000166beb8912f sp=0x00000045828fec60 mode 2
Event: 9.866 Thread 0x00000166d5e37800 Uncommon trap: trap_request=0xffffff45 fr.pc=0x00000166c6633bb0 relative=0x0000000000000530
Event: 9.866 Thread 0x00000166d5e37800 Uncommon trap: reason=unstable_if action=reinterpret pc=0x00000166c6633bb0 method=java.lang.Math.round(D)J @ 31 c2
Event: 9.866 Thread 0x00000166d5e37800 DEOPT PACKING pc=0x00000166c6633bb0 sp=0x0000004583bfef10
Event: 9.866 Thread 0x00000166d5e37800 DEOPT UNPACKING pc=0x00000166beb8912f sp=0x0000004583bfee28 mode 2
Event: 10.403 Thread 0x00000166d5e37800 Uncommon trap: trap_request=0xffffffde fr.pc=0x00000166c663c790 relative=0x0000000000000d50
Event: 10.403 Thread 0x00000166d5e37800 Uncommon trap: reason=class_check action=maybe_recompile pc=0x00000166c663c790 method=java.util.concurrent.locks.AbstractQueuedSynchronizer.acquire(Ljava/util/concurrent/locks/AbstractQueuedSynchronizer$Node;IZZZJ)I @ 126 c2
Event: 10.403 Thread 0x00000166d5e37800 DEOPT PACKING pc=0x00000166c663c790 sp=0x0000004583bfee50
Event: 10.403 Thread 0x00000166d5e37800 DEOPT UNPACKING pc=0x00000166beb8912f sp=0x0000004583bfede8 mode 2
Event: 10.419 Thread 0x00000166b63a3800 Uncommon trap: trap_request=0xffffff45 fr.pc=0x00000166c663d640 relative=0x0000000000000360
Event: 10.419 Thread 0x00000166b63a3800 Uncommon trap: reason=unstable_if action=reinterpret pc=0x00000166c663d640 method=java.util.concurrent.locks.AbstractQueuedSynchronizer.hasQueuedThreads()Z @ 12 c2
Event: 10.419 Thread 0x00000166b63a3800 DEOPT PACKING pc=0x00000166c663d640 sp=0x00000045828feee0
Event: 10.419 Thread 0x00000166b63a3800 DEOPT UNPACKING pc=0x00000166beb8912f sp=0x00000045828fed68 mode 2

Classes unloaded (0 events):
No events

Classes redefined (0 events):
No events

Internal exceptions (0 events):
No events

Events (20 events):
Event: 10.410 loading class sun/util/resources/Bundles$2
Event: 10.410 loading class sun/util/resources/Bundles$2 done
Event: 10.410 loading class java/lang/InstantiationException
Event: 10.410 loading class java/lang/InstantiationException done
Event: 10.410 loading class java/lang/IllegalAccessException
Event: 10.410 loading class java/lang/IllegalAccessException done
Event: 10.410 loading class java/lang/InternalError
Event: 10.410 loading class java/lang/InternalError done
Event: 10.414 loading class jdk/internal/math/FormattedFloatingDecimal$Form
Event: 10.414 loading class jdk/internal/math/FormattedFloatingDecimal$Form done
Event: 10.414 loading class jdk/internal/math/FormattedFloatingDecimal
Event: 10.414 loading class jdk/internal/math/FormattedFloatingDecimal done
Event: 10.414 loading class jdk/internal/math/FormattedFloatingDecimal$1
Event: 10.414 loading class jdk/internal/math/FormattedFloatingDecimal$1 done
Event: 10.414 loading class jdk/internal/math/FormattedFloatingDecimal$2
Event: 10.414 loading class jdk/internal/math/FormattedFloatingDecimal$2 done
Event: 10.417 loading class java/lang/invoke/BoundMethodHandle$Species_LLLLLLLL
Event: 10.417 loading class java/lang/invoke/BoundMethodHandle$Species_LLLLLLLL done
Event: 10.418 loading class java/lang/invoke/BoundMethodHandle$Species_LLLLLLLLL
Event: 10.418 loading class java/lang/invoke/BoundMethodHandle$Species_LLLLLLLLL done


Dynamic libraries:
0x00007ff7ef750000 - 0x00007ff7ef75f000 	C:\Program Files\Java\jdk-14.0.1\bin\javaw.exe
0x00007ffe91ea0000 - 0x00007ffe92090000 	C:\Windows\SYSTEM32\ntdll.dll
0x00007ffe902b0000 - 0x00007ffe90362000 	C:\Windows\System32\KERNEL32.DLL
0x00007ffe8ee20000 - 0x00007ffe8f0c5000 	C:\Windows\System32\KERNELBASE.dll
0x00007ffe8fe50000 - 0x00007ffe8ff4a000 	C:\Windows\System32\ucrtbase.dll
0x00007ffe7cb90000 - 0x00007ffe7cba8000 	C:\Program Files\Java\jdk-14.0.1\bin\jli.dll
0x00007ffe7cbf0000 - 0x00007ffe7cc05000 	C:\Program Files\Java\jdk-14.0.1\bin\VCRUNTIME140.dll
0x00007ffe91220000 - 0x00007ffe912c3000 	C:\Windows\System32\ADVAPI32.dll
0x00007ffe91900000 - 0x00007ffe9199e000 	C:\Windows\System32\msvcrt.dll
0x00007ffe919a0000 - 0x00007ffe91a37000 	C:\Windows\System32\sechost.dll
0x00007ffe91cc0000 - 0x00007ffe91de0000 	C:\Windows\System32\RPCRT4.dll
0x00007ffe8ff60000 - 0x00007ffe900f4000 	C:\Windows\System32\USER32.dll
0x00007ffe8f250000 - 0x00007ffe8f271000 	C:\Windows\System32\win32u.dll
0x00007ffe8e000000 - 0x00007ffe8e284000 	C:\Windows\WinSxS\amd64_microsoft.windows.common-controls_6595b64144ccf1df_6.0.18362.1198_none_9e820b57e45ad92f\COMCTL32.dll
0x00007ffe91300000 - 0x00007ffe91326000 	C:\Windows\System32\GDI32.dll
0x00007ffe91460000 - 0x00007ffe91795000 	C:\Windows\System32\combase.dll
0x00007ffe8fa10000 - 0x00007ffe8fba6000 	C:\Windows\System32\gdi32full.dll
0x00007ffe8fdd0000 - 0x00007ffe8fe50000 	C:\Windows\System32\bcryptPrimitives.dll
0x00007ffe8fd30000 - 0x00007ffe8fdce000 	C:\Windows\System32\msvcp_win.dll
0x00007ffe83d50000 - 0x00007ffe83d5a000 	C:\Windows\SYSTEM32\VERSION.dll
0x00007ffe912d0000 - 0x00007ffe912fe000 	C:\Windows\System32\IMM32.DLL
0x00007ffe67a50000 - 0x00007ffe67aeb000 	C:\Program Files\Java\jdk-14.0.1\bin\msvcp140.dll
0x00007ffe69070000 - 0x00007ffe69b8e000 	C:\Program Files\Java\jdk-14.0.1\bin\server\jvm.dll
0x00007ffe8ff50000 - 0x00007ffe8ff58000 	C:\Windows\System32\PSAPI.DLL
0x00007ffe86770000 - 0x00007ffe86794000 	C:\Windows\SYSTEM32\WINMM.dll
0x00007ffe71500000 - 0x00007ffe71509000 	C:\Windows\SYSTEM32\WSOCK32.dll
0x00007ffe904c0000 - 0x00007ffe9052f000 	C:\Windows\System32\WS2_32.dll
0x00007ffe86740000 - 0x00007ffe8676d000 	C:\Windows\SYSTEM32\WINMMBASE.dll
0x00007ffe8f0d0000 - 0x00007ffe8f11a000 	C:\Windows\System32\cfgmgr32.dll
0x00007ffe8edb0000 - 0x00007ffe8edc1000 	C:\Windows\System32\kernel.appcore.dll
0x00007ffe68ac0000 - 0x00007ffe68aca000 	C:\Program Files\Java\jdk-14.0.1\bin\jimage.dll
0x00007ffe8e820000 - 0x00007ffe8ea14000 	C:\Windows\SYSTEM32\DBGHELP.DLL
0x00007ffe8e770000 - 0x00007ffe8e79a000 	C:\Windows\SYSTEM32\dbgcore.DLL
0x00007ffe687a0000 - 0x00007ffe687c5000 	C:\Program Files\Java\jdk-14.0.1\bin\java.dll
0x00007ffe68590000 - 0x00007ffe685a6000 	C:\Program Files\Java\jdk-14.0.1\bin\zip.dll
0x00007ffe90590000 - 0x00007ffe90c77000 	C:\Windows\System32\SHELL32.dll
0x00007ffe91160000 - 0x00007ffe91209000 	C:\Windows\System32\shcore.dll
0x00007ffe8f280000 - 0x00007ffe8fa01000 	C:\Windows\System32\windows.storage.dll
0x00007ffe8edd0000 - 0x00007ffe8edf3000 	C:\Windows\System32\profapi.dll
0x00007ffe8ed60000 - 0x00007ffe8edaa000 	C:\Windows\System32\powrprof.dll
0x00007ffe8ed50000 - 0x00007ffe8ed60000 	C:\Windows\System32\UMPDC.dll
0x00007ffe90c80000 - 0x00007ffe90cd2000 	C:\Windows\System32\shlwapi.dll
0x00007ffe8f1d0000 - 0x00007ffe8f1e7000 	C:\Windows\System32\cryptsp.dll
0x00007ffe671e0000 - 0x00007ffe671f9000 	C:\Program Files\Java\jdk-14.0.1\bin\net.dll
0x00007ffe86900000 - 0x00007ffe869f0000 	C:\Windows\SYSTEM32\WINHTTP.dll
0x00007ffe8df40000 - 0x00007ffe8dfa7000 	C:\Windows\system32\mswsock.dll
0x00007ffe671c0000 - 0x00007ffe671d2000 	C:\Program Files\Java\jdk-14.0.1\bin\nio.dll
0x000000006e780000 - 0x000000006e7c0000 	C:\Users\wangs\AppData\Local\Programs\Webots\lib\controller\java\JavaController.dll
0x0000000061440000 - 0x000000006145c000 	C:\Users\wangs\AppData\Local\Programs\Webots\msys64\mingw64\bin\cpp\libgcc_s_seh-1.dll
0x000000006fc40000 - 0x000000006fdf1000 	C:\Users\wangs\AppData\Local\Programs\Webots\msys64\mingw64\bin\cpp\libstdc++-6.dll
0x0000000064940000 - 0x0000000064956000 	C:\Users\wangs\AppData\Local\Programs\Webots\msys64\mingw64\bin\cpp\libwinpthread-1.dll
0x0000000064f40000 - 0x0000000064fac000 	C:\Users\wangs\AppData\Local\Programs\Webots\lib\controller\CppController.dll
0x000000006aa40000 - 0x000000006aac8000 	C:\Users\wangs\AppData\Local\Programs\Webots\lib\controller\Controller.dll
0x0000000063e00000 - 0x0000000063e1b000 	C:\Users\wangs\AppData\Local\Programs\Webots\RESOUR~1\projects\plugins\ROBOT_~1\generic\generic.dll

dbghelp: loaded successfully - version: 4.0.5 - missing functions: none
symbol engine: initialized successfully - sym options: 0x614 - pdb path: .;C:\Program Files\Java\jdk-14.0.1\bin;C:\Windows\SYSTEM32;C:\Windows\WinSxS\amd64_microsoft.windows.common-controls_6595b64144ccf1df_6.0.18362.1198_none_9e820b57e45ad92f;C:\Program Files\Java\jdk-14.0.1\bin\server;C:\Users\wangs\AppData\Local\Programs\Webots\lib\controller\java;C:\Users\wangs\AppData\Local\Programs\Webots\msys64\mingw64\bin\cpp;C:\Users\wangs\AppData\Local\Programs\Webots\lib\controller;C:\Users\wangs\AppData\Local\Programs\Webots\RESOUR~1\projects\plugins\ROBOT_~1\generic

VM Arguments:
jvm_args: -Djava.library.path=C:/Users/wangs/AppData/Local/Programs/Webots/lib/controller/java 
java_command: T10Controller
java_class_path (initial): C:/Users/wangs/AppData/Local/Programs/Webots/lib/controller/java/Controller.jar;C:/Users/wangs/DOCUME~1/FALL20~1/ECSE-211/PROJEC~1/CONTRO~1/T10CON~1/;..\lib\simlejos.jar;..\lib\EV3WiFiClient.jar
Launcher Type: SUN_STANDARD

[Global flags]
     intx CICompilerCount                          = 4                                         {product} {ergonomic}
     uint ConcGCThreads                            = 2                                         {product} {ergonomic}
     uint G1ConcRefinementThreads                  = 8                                         {product} {ergonomic}
   size_t G1HeapRegionSize                         = 1048576                                   {product} {ergonomic}
    uintx GCDrainStackTargetSize                   = 64                                        {product} {ergonomic}
   size_t InitialHeapSize                          = 132120576                                 {product} {ergonomic}
   size_t MarkStackSize                            = 4194304                                   {product} {ergonomic}
   size_t MaxHeapSize                              = 2092957696                                {product} {ergonomic}
   size_t MaxNewSize                               = 1255145472                                {product} {ergonomic}
   size_t MinHeapDeltaBytes                        = 1048576                                   {product} {ergonomic}
   size_t MinHeapSize                              = 8388608                                   {product} {ergonomic}
    uintx NonNMethodCodeHeapSize                   = 5839372                                {pd product} {ergonomic}
    uintx NonProfiledCodeHeapSize                  = 122909434                              {pd product} {ergonomic}
    uintx ProfiledCodeHeapSize                     = 122909434                              {pd product} {ergonomic}
    uintx ReservedCodeCacheSize                    = 251658240                              {pd product} {ergonomic}
     bool SegmentedCodeCache                       = true                                      {product} {ergonomic}
   size_t SoftMaxHeapSize                          = 2092957696                             {manageable} {ergonomic}
     bool UseCompressedClassPointers               = true                                 {lp64_product} {ergonomic}
     bool UseCompressedOops                        = true                                 {lp64_product} {ergonomic}
     bool UseG1GC                                  = true                                      {product} {ergonomic}
     bool UseLargePagesIndividualAllocation        = false                                  {pd product} {ergonomic}

Logging:
Log output configuration:
 #0: stdout all=warning uptime,level,tags
 #1: stderr all=off uptime,level,tags

Environment Variables:
JAVA_HOME=C:\Program Files\Java\jdk-14.0.1
CLASSPATH=..\lib\simlejos.jar;..\lib\EV3WiFiClient.jar
PATH=C:\Users\wangs\AppData\Local\Programs\Webots\msys64\mingw64\bin\cpp;C:\Python39\Scripts\;C:\Python39\;C:\Windows\system32;C:\Windows;C:\Windows\System32\Wbem;C:\Windows\System32\WindowsPowerShell\v1.0\;C:\Windows\System32\OpenSSH\;C:\Program Files (x86)\NVIDIA Corporation\PhysX\Common;C:\Program Files\NVIDIA Corporation\NVIDIA NvDLISR;C:\Program Files\Git\cmd;C:\Program Files\Java\jdk-14.0.1\bin;C:\Users\wangs\AppData\Roaming\nvm;C:\Program Files\nodejs;C:\Users\wangs\AppData\Local\Programs\Python\Python38;C:\Program Files (x86)\Microsoft Visual Studio\2019\BuildTools\MSBuild\15.0\Bin\MSBuild.exe;C:\Program Files\PostgreSQL\12\bin;C:\Program Files\apache-maven-3.6.3-bin\apache-maven-3.6.3\bin;C:\Program Files\gradle-6.6.1-bin\gradle-6.6.1\bin;C:\Program Files\nodejs\;C:\ProgramData\chocolatey\bin;C:\Users\wangs\.windows-build-tools\python27\;C:\Users\wangs\AppData\Local\Programs\Python\Python38-32\Scripts\;C:\Users\wangs\AppData\Local\Programs\Python\Python38-32\;C:\Users\wangs\AppData\Local\Microsoft\WindowsApps;C:\Users\wangs\AppData\Local\Programs\Microsoft VS Code\bin;C:\Users\wangs\AppData\Local\GitHubDesktop\bin;C:\Program Files\JetBrains\IntelliJ IDEA 2020.2.1\bin;C:\Users\wangs\AppData\Roaming\npm;C:\Users\wangs\AppData\Local\Programs\Webots\lib\controller
USERNAME=wangs
OS=Windows_NT
PROCESSOR_IDENTIFIER=Intel64 Family 6 Model 165 Stepping 2, GenuineIntel



---------------  S Y S T E M  ---------------

OS: Windows 10 , 64 bit Build 18362 (10.0.18362.1110)
OS uptime: 0 days 13:57 hours

CPU:total 8 (initial active 8) (4 cores per cpu, 2 threads per core) family 6 model 165 stepping 2, cmov, cx8, fxsr, mmx, sse, sse2, sse3, ssse3, sse4.1, sse4.2, popcnt, avx, avx2, aes, clmul, erms, 3dnowpref, lzcnt, ht, tsc, tscinvbit, bmi1, bmi2, adx, fma

Memory: 4k page, system-wide physical 7979M (1542M free)
TotalPageFile size 19755M (AvailPageFile size 7876M)
current process WorkingSet (physical memory assigned to process): 42M, peak: 42M
current process commit charge ("private bytes"): 214M, peak: 218M

vm_info: Java HotSpot(TM) 64-Bit Server VM (14.0.1+7) for windows-amd64 JRE (14.0.1+7), built on Mar  5 2020 10:30:14 by "mach5one" with MS VC++ 15.9 (VS2017)

END.
