#
# A fatal error has been detected by the Java Runtime Environment:
#
#  EXCEPTION_ACCESS_VIOLATION (0xc0000005) at pc=0x000000006e7814a6, pid=23988, tid=21204
#
# JRE version: Java(TM) SE Runtime Environment (14.0.1+7) (build 14.0.1+7)
# Java VM: Java HotSpot(TM) 64-Bit Server VM (14.0.1+7, mixed mode, sharing, tiered, compressed oops, g1 gc, windows-amd64)
# Problematic frame:
# C  [JavaController.dll+0x14a6]
#
# No core dump will be written. Minidumps are not enabled by default on client versions of Windows
#
# If you would like to submit a bug report, please visit:
#   https://bugreport.java.com/bugreport/crash.jsp
# The crash happened outside the Java Virtual Machine in native code.
# See problematic frame for where to report the bug.
#

---------------  S U M M A R Y ------------

Command Line: -Djava.library.path=C:/Users/wangs/AppData/Local/Programs/Webots/lib/controller/java TXXController

Host: Intel(R) Core(TM) i5-10300H CPU @ 2.50GHz, 8 cores, 7G,  Windows 10 , 64 bit Build 18362 (10.0.18362.1110)
Time: Tue Nov 10 15:49:30 2020 Eastern Standard Time elapsed time: 4 seconds (0d 0h 0m 4s)

---------------  T H R E A D  ---------------

Current thread (0x000001ea8a68c000):  JavaThread "main" [_thread_in_native, id=21204, stack(0x0000008fa4b00000,0x0000008fa4c00000)]

Stack: [0x0000008fa4b00000,0x0000008fa4c00000],  sp=0x0000008fa4bfeef0,  free space=1019k
Native frames: (J=compiled Java code, j=interpreted, Vv=VM code, C=native code)
C  [JavaController.dll+0x14a6]

Java frames: (J=compiled Java code, j=interpreted, Vv=VM code)
j  com.cyberbotics.webots.controller.wrapperJNI.Camera_getImage(JLcom/cyberbotics/webots/controller/Camera;)[I+0
j  com.cyberbotics.webots.controller.Camera.getImage()[I+5
j  simlejos.hardware.sensor.EV3ColorSensor$RedMode.fetchSample([FI)V+17
J 233 c1 simlejos.hardware.sensor.BaseSensor.fetchSample([FI)V (17 bytes) @ 0x000001ea9341f3fc [0x000001ea9341f2c0+0x000000000000013c]
j  ca.mcgill.ecse211.project.Localizer.stopAtLine()V+25
j  ca.mcgill.ecse211.project.Localizer.lightLocalize()V+3
j  ca.mcgill.ecse211.project.Main.main([Ljava/lang/String;)V+22
j  TXXController.main([Ljava/lang/String;)V+1
v  ~StubRoutines::call_stub

siginfo: EXCEPTION_ACCESS_VIOLATION (0xc0000005), reading address 0x0000000000000000


Register to memory mapping:

RIP=0x000000006e7814a6 JavaController.dll
RAX=0x0 is NULL
RBX=0x0 is NULL
RCX=0x0000000000000001 is an unknown value
RDX=0xfffffe15e0b3c7ec is an unknown value
RSP=0x0000008fa4bfeef0 is pointing into the stack for thread: 0x000001ea8a68c000
RBP=0x0000000000000001 is an unknown value
RSI=0x000001ea8a68c310 points into unknown readable memory: a0 1a 8d f0 f9 7f 00 00
RDI=0x000001eaa94c91e0 points into unknown readable memory: 88 b7 c7 8a 00 00 00 00
R8 =0x000001eaaa13efb0 points into unknown readable memory: 00 00 00 00 74 3e 00 00
R9 =0x000000008ac7b798 is pointing into object: [I 
{0x000000008ac7b788} - klass: {type array int}
 - length: 1
R10=0x0 is NULL
R11=0x0000008fa4bfeed0 is pointing into the stack for thread: 0x000001ea8a68c000
R12=0x0 is NULL
R13={method} {0x000001eaa9abb4f0} 'Camera_getImage' '(JLcom/cyberbotics/webots/controller/Camera;)[I' in 'com/cyberbotics/webots/controller/wrapperJNI'
R14=0x0000008fa4bff048 is pointing into the stack for thread: 0x000001ea8a68c000
R15=0x000001ea8a68c000 is a thread


Registers:
RAX=0x0000000000000000, RBX=0x0000000000000000, RCX=0x0000000000000001, RDX=0xfffffe15e0b3c7ec
RSP=0x0000008fa4bfeef0, RBP=0x0000000000000001, RSI=0x000001ea8a68c310, RDI=0x000001eaa94c91e0
R8 =0x000001eaaa13efb0, R9 =0x000000008ac7b798, R10=0x0000000000000000, R11=0x0000008fa4bfeed0
R12=0x0000000000000000, R13=0x000001eaa9abb4e8, R14=0x0000008fa4bff048, R15=0x000001ea8a68c000
RIP=0x000000006e7814a6, EFLAGS=0x0000000000010202

Top of Stack: (sp=0x0000008fa4bfeef0)
0x0000008fa4bfeef0:   0000000000000000 0000000000000001
0x0000008fa4bfef00:   000001ea8a68c310 000001eaa94c91e0
0x0000008fa4bfef10:   000001ea886ad470 000001ea886ad470
0x0000008fa4bfef20:   000001ea8a68c310 0000000000000000
0x0000008fa4bfef30:   0000000000000001 000000006e7820a8
0x0000008fa4bfef40:   000001ea886ad470 0000008fa4bff1f0
0x0000008fa4bfef50:   0000008fa4bff1a0 00007ff9f04c2949
0x0000008fa4bfef60:   000001ea8a68c000 000001eaa9abb4e8
0x0000008fa4bfef70:   0000000800b9b9f0 000001eaa9af34f8
0x0000008fa4bfef80:   0000008fa4bff018 000001ea92e3f417
0x0000008fa4bfef90:   0000008fa4bff0a0 00007ff9f024a5ad
0x0000008fa4bfefa0:   000001eaa9aeff80 000001ea00000008
0x0000008fa4bfefb0:   0000000000000000 000001ea8a68c000
0x0000008fa4bfefc0:   000001eaa9adc020 000001ea8a68c000
0x0000008fa4bfefd0:   0000008fa4bfefd0 0000000000000000
0x0000008fa4bfefe0:   0000008fa4bff048 000001eaa9ad0410 

Instructions: (pc=0x000000006e7814a6)
0x000000006e7813a6:   20 48 89 ce 4c 89 c7 48 8d 1d 4c ff 00 00 83 fa
0x000000006e7813b6:   01 74 0e 48 83 c3 10 8b 03 85 c0 74 04 39 d0 75
0x000000006e7813c6:   f2 48 8b 06 48 89 f1 ff 90 88 00 00 00 48 8b 53
0x000000006e7813d6:   08 48 8b 06 48 89 f1 ff 50 30 48 89 c2 48 85 c0
0x000000006e7813e6:   74 0d 48 8b 06 49 89 f8 48 89 f1 ff 50 70 90 48
0x000000006e7813f6:   83 c4 20 5b 5e 5f c3 55 57 56 53 48 83 ec 28 48
0x000000006e781406:   89 cf 48 89 d3 4c 89 c6 4c 89 cd 48 8b 01 4c 89
0x000000006e781416:   ca ff 90 58 05 00 00 85 c0 7e 16 89 c1 b8 00 00
0x000000006e781426:   00 00 8b 14 86 89 14 83 48 83 c0 01 48 39 c8 75
0x000000006e781436:   f1 48 8b 07 41 b9 00 00 00 00 49 89 d8 48 89 ea
0x000000006e781446:   48 89 f9 ff 90 18 06 00 00 90 48 83 c4 28 5b 5e
0x000000006e781456:   5f 5d c3 55 57 56 53 48 83 ec 28 48 89 ce 48 89
0x000000006e781466:   d3 44 89 c5 48 8b 01 44 89 c2 ff 90 98 05 00 00
0x000000006e781476:   48 89 c7 48 85 c0 74 4d 48 8b 06 41 b8 00 00 00
0x000000006e781486:   00 48 89 fa 48 89 f1 ff 90 d8 05 00 00 49 89 c0
0x000000006e781496:   48 85 c0 74 3c 85 ed 7e 17 89 e9 b8 00 00 00 00
0x000000006e7814a6:   8b 14 83 41 89 14 80 48 83 c0 01 48 39 c8 75 f0
0x000000006e7814b6:   48 8b 06 41 b9 00 00 00 00 48 89 fa 48 89 f1 ff
0x000000006e7814c6:   90 18 06 00 00 48 89 f8 48 83 c4 28 5b 5e 5f 5d
0x000000006e7814d6:   c3 48 89 c7 eb ef 55 57 56 53 48 83 ec 28 48 89
0x000000006e7814e6:   cf 48 89 d6 44 89 c3 48 8b 01 44 89 c2 ff 90 a8
0x000000006e7814f6:   05 00 00 48 89 c5 48 85 c0 74 51 48 8b 07 41 b8
0x000000006e781506:   00 00 00 00 48 89 ea 48 89 f9 ff 90 e8 05 00 00
0x000000006e781516:   49 89 c0 48 85 c0 74 40 85 db 7e 1b 89 da b8 00
0x000000006e781526:   00 00 00 f3 0f 10 04 86 f3 41 0f 11 04 80 48 83
0x000000006e781536:   c0 01 48 39 d0 75 ec 48 8b 07 41 b9 00 00 00 00
0x000000006e781546:   48 89 ea 48 89 f9 ff 90 28 06 00 00 48 89 e8 48
0x000000006e781556:   83 c4 28 5b 5e 5f 5d c3 48 89 c5 eb ef 55 57 56
0x000000006e781566:   53 48 83 ec 28 48 89 cf 48 89 d3 4c 89 c6 4c 89
0x000000006e781576:   cd 48 8b 01 4c 89 ca ff 90 58 05 00 00 85 c0 7e
0x000000006e781586:   1a 89 c2 b8 00 00 00 00 f2 0f 10 04 c6 f2 0f 11
0x000000006e781596:   04 c3 48 83 c0 01 48 39 d0 75 ed 48 8b 07 41 b9 


Stack slot to memory mapping:
stack at sp + 0 slots: 0x0 is NULL
stack at sp + 1 slots: 0x0000000000000001 is an unknown value
stack at sp + 2 slots: 0x000001ea8a68c310 points into unknown readable memory: a0 1a 8d f0 f9 7f 00 00
stack at sp + 3 slots: 0x000001eaa94c91e0 points into unknown readable memory: 88 b7 c7 8a 00 00 00 00
stack at sp + 4 slots: 0x000001ea886ad470 points into unknown readable memory: 40 8c f5 64 00 00 00 00
stack at sp + 5 slots: 0x000001ea886ad470 points into unknown readable memory: 40 8c f5 64 00 00 00 00
stack at sp + 6 slots: 0x000001ea8a68c310 points into unknown readable memory: a0 1a 8d f0 f9 7f 00 00
stack at sp + 7 slots: 0x0 is NULL


---------------  P R O C E S S  ---------------

Threads class SMR info:
_java_thread_list=0x000001eaaa141fe0, length=13, elements={
0x000001ea8a68c000, 0x000001eaa9655800, 0x000001eaa9657000, 0x000001eaa9673000,
0x000001eaa9676800, 0x000001eaa9679000, 0x000001eaa9681800, 0x000001eaa9685800,
0x000001eaa9698800, 0x000001eaaa0db000, 0x000001eaaa0cf800, 0x000001eaaa134000,
0x000001eaaa145800
}

Java Threads: ( => current thread )
=>0x000001ea8a68c000 JavaThread "main" [_thread_in_native, id=21204, stack(0x0000008fa4b00000,0x0000008fa4c00000)]
  0x000001eaa9655800 JavaThread "Reference Handler" daemon [_thread_blocked, id=6408, stack(0x0000008fa5200000,0x0000008fa5300000)]
  0x000001eaa9657000 JavaThread "Finalizer" daemon [_thread_blocked, id=7232, stack(0x0000008fa5300000,0x0000008fa5400000)]
  0x000001eaa9673000 JavaThread "Signal Dispatcher" daemon [_thread_blocked, id=4360, stack(0x0000008fa5400000,0x0000008fa5500000)]
  0x000001eaa9676800 JavaThread "Attach Listener" daemon [_thread_blocked, id=6260, stack(0x0000008fa5500000,0x0000008fa5600000)]
  0x000001eaa9679000 JavaThread "Service Thread" daemon [_thread_blocked, id=1048, stack(0x0000008fa5600000,0x0000008fa5700000)]
  0x000001eaa9681800 JavaThread "C2 CompilerThread0" daemon [_thread_blocked, id=26868, stack(0x0000008fa5700000,0x0000008fa5800000)]
  0x000001eaa9685800 JavaThread "C1 CompilerThread0" daemon [_thread_blocked, id=12816, stack(0x0000008fa5800000,0x0000008fa5900000)]
  0x000001eaa9698800 JavaThread "Sweeper thread" daemon [_thread_blocked, id=15868, stack(0x0000008fa5900000,0x0000008fa5a00000)]
  0x000001eaaa0db000 JavaThread "Notification Thread" daemon [_thread_blocked, id=27688, stack(0x0000008fa5a00000,0x0000008fa5b00000)]
  0x000001eaaa0cf800 JavaThread "Common-Cleaner" daemon [_thread_blocked, id=23340, stack(0x0000008fa5c00000,0x0000008fa5d00000)]
  0x000001eaaa134000 JavaThread "Thread-0" [_thread_in_native, id=9056, stack(0x0000008fa5d00000,0x0000008fa5e00000)]
  0x000001eaaa145800 JavaThread "Thread-1" [_thread_blocked, id=23568, stack(0x0000008fa5e00000,0x0000008fa5f00000)]

Other Threads:
  0x000001eaa9651000 VMThread "VM Thread" [stack: 0x0000008fa5100000,0x0000008fa5200000] [id=11580]
  0x000001eaaa0cf000 WatcherThread [stack: 0x0000008fa5b00000,0x0000008fa5c00000] [id=27708]
  0x000001ea8a6cf000 GCTaskThread "GC Thread#0" [stack: 0x0000008fa4c00000,0x0000008fa4d00000] [id=21252]
  0x000001ea8a6e1000 ConcurrentGCThread "G1 Main Marker" [stack: 0x0000008fa4d00000,0x0000008fa4e00000] [id=1972]
  0x000001ea8a6e2000 ConcurrentGCThread "G1 Conc#0" [stack: 0x0000008fa4e00000,0x0000008fa4f00000] [id=11696]
  0x000001eaa94c1800 ConcurrentGCThread "G1 Refine#0" [stack: 0x0000008fa4f00000,0x0000008fa5000000] [id=448]
  0x000001eaa94c3800 ConcurrentGCThread "G1 Young RemSet Sampling" [stack: 0x0000008fa5000000,0x0000008fa5100000] [id=20308]

Threads with active compile tasks:

VM state:not at safepoint (normal execution)

VM Mutex/Monitor currently owned by a thread: None

Heap address: 0x0000000083400000, size: 1996 MB, Compressed Oops mode: 32-bit
Narrow klass base: 0x0000000800000000, Narrow klass shift: 3
Compressed class space size: 1073741824 Address: 0x0000000800b30000

Heap:
 garbage-first heap   total 129024K, used 5120K [0x0000000083400000, 0x0000000100000000)
  region size 1024K, 6 young (6144K), 0 survivors (0K)
 Metaspace       used 1117K, capacity 4942K, committed 5120K, reserved 1056768K
  class space    used 106K, capacity 454K, committed 512K, reserved 1048576K
Heap Regions: E=young(eden), S=young(survivor), O=old, HS=humongous(starts), HC=humongous(continues), CS=collection set, F=free, OA=open archive, CA=closed archive, TAMS=top-at-mark-start (previous, next)
|   0|0x0000000083400000, 0x0000000083400000, 0x0000000083500000|  0%| F|  |TAMS 0x0000000083400000, 0x0000000083400000| Untracked 
|   1|0x0000000083500000, 0x0000000083500000, 0x0000000083600000|  0%| F|  |TAMS 0x0000000083500000, 0x0000000083500000| Untracked 
|   2|0x0000000083600000, 0x0000000083600000, 0x0000000083700000|  0%| F|  |TAMS 0x0000000083600000, 0x0000000083600000| Untracked 
|   3|0x0000000083700000, 0x0000000083700000, 0x0000000083800000|  0%| F|  |TAMS 0x0000000083700000, 0x0000000083700000| Untracked 
|   4|0x0000000083800000, 0x0000000083800000, 0x0000000083900000|  0%| F|  |TAMS 0x0000000083800000, 0x0000000083800000| Untracked 
|   5|0x0000000083900000, 0x0000000083900000, 0x0000000083a00000|  0%| F|  |TAMS 0x0000000083900000, 0x0000000083900000| Untracked 
|   6|0x0000000083a00000, 0x0000000083a00000, 0x0000000083b00000|  0%| F|  |TAMS 0x0000000083a00000, 0x0000000083a00000| Untracked 
|   7|0x0000000083b00000, 0x0000000083b00000, 0x0000000083c00000|  0%| F|  |TAMS 0x0000000083b00000, 0x0000000083b00000| Untracked 
|   8|0x0000000083c00000, 0x0000000083c00000, 0x0000000083d00000|  0%| F|  |TAMS 0x0000000083c00000, 0x0000000083c00000| Untracked 
|   9|0x0000000083d00000, 0x0000000083d00000, 0x0000000083e00000|  0%| F|  |TAMS 0x0000000083d00000, 0x0000000083d00000| Untracked 
|  10|0x0000000083e00000, 0x0000000083e00000, 0x0000000083f00000|  0%| F|  |TAMS 0x0000000083e00000, 0x0000000083e00000| Untracked 
|  11|0x0000000083f00000, 0x0000000083f00000, 0x0000000084000000|  0%| F|  |TAMS 0x0000000083f00000, 0x0000000083f00000| Untracked 
|  12|0x0000000084000000, 0x0000000084000000, 0x0000000084100000|  0%| F|  |TAMS 0x0000000084000000, 0x0000000084000000| Untracked 
|  13|0x0000000084100000, 0x0000000084100000, 0x0000000084200000|  0%| F|  |TAMS 0x0000000084100000, 0x0000000084100000| Untracked 
|  14|0x0000000084200000, 0x0000000084200000, 0x0000000084300000|  0%| F|  |TAMS 0x0000000084200000, 0x0000000084200000| Untracked 
|  15|0x0000000084300000, 0x0000000084300000, 0x0000000084400000|  0%| F|  |TAMS 0x0000000084300000, 0x0000000084300000| Untracked 
|  16|0x0000000084400000, 0x0000000084400000, 0x0000000084500000|  0%| F|  |TAMS 0x0000000084400000, 0x0000000084400000| Untracked 
|  17|0x0000000084500000, 0x0000000084500000, 0x0000000084600000|  0%| F|  |TAMS 0x0000000084500000, 0x0000000084500000| Untracked 
|  18|0x0000000084600000, 0x0000000084600000, 0x0000000084700000|  0%| F|  |TAMS 0x0000000084600000, 0x0000000084600000| Untracked 
|  19|0x0000000084700000, 0x0000000084700000, 0x0000000084800000|  0%| F|  |TAMS 0x0000000084700000, 0x0000000084700000| Untracked 
|  20|0x0000000084800000, 0x0000000084800000, 0x0000000084900000|  0%| F|  |TAMS 0x0000000084800000, 0x0000000084800000| Untracked 
|  21|0x0000000084900000, 0x0000000084900000, 0x0000000084a00000|  0%| F|  |TAMS 0x0000000084900000, 0x0000000084900000| Untracked 
|  22|0x0000000084a00000, 0x0000000084a00000, 0x0000000084b00000|  0%| F|  |TAMS 0x0000000084a00000, 0x0000000084a00000| Untracked 
|  23|0x0000000084b00000, 0x0000000084b00000, 0x0000000084c00000|  0%| F|  |TAMS 0x0000000084b00000, 0x0000000084b00000| Untracked 
|  24|0x0000000084c00000, 0x0000000084c00000, 0x0000000084d00000|  0%| F|  |TAMS 0x0000000084c00000, 0x0000000084c00000| Untracked 
|  25|0x0000000084d00000, 0x0000000084d00000, 0x0000000084e00000|  0%| F|  |TAMS 0x0000000084d00000, 0x0000000084d00000| Untracked 
|  26|0x0000000084e00000, 0x0000000084e00000, 0x0000000084f00000|  0%| F|  |TAMS 0x0000000084e00000, 0x0000000084e00000| Untracked 
|  27|0x0000000084f00000, 0x0000000084f00000, 0x0000000085000000|  0%| F|  |TAMS 0x0000000084f00000, 0x0000000084f00000| Untracked 
|  28|0x0000000085000000, 0x0000000085000000, 0x0000000085100000|  0%| F|  |TAMS 0x0000000085000000, 0x0000000085000000| Untracked 
|  29|0x0000000085100000, 0x0000000085100000, 0x0000000085200000|  0%| F|  |TAMS 0x0000000085100000, 0x0000000085100000| Untracked 
|  30|0x0000000085200000, 0x0000000085200000, 0x0000000085300000|  0%| F|  |TAMS 0x0000000085200000, 0x0000000085200000| Untracked 
|  31|0x0000000085300000, 0x0000000085300000, 0x0000000085400000|  0%| F|  |TAMS 0x0000000085300000, 0x0000000085300000| Untracked 
|  32|0x0000000085400000, 0x0000000085400000, 0x0000000085500000|  0%| F|  |TAMS 0x0000000085400000, 0x0000000085400000| Untracked 
|  33|0x0000000085500000, 0x0000000085500000, 0x0000000085600000|  0%| F|  |TAMS 0x0000000085500000, 0x0000000085500000| Untracked 
|  34|0x0000000085600000, 0x0000000085600000, 0x0000000085700000|  0%| F|  |TAMS 0x0000000085600000, 0x0000000085600000| Untracked 
|  35|0x0000000085700000, 0x0000000085700000, 0x0000000085800000|  0%| F|  |TAMS 0x0000000085700000, 0x0000000085700000| Untracked 
|  36|0x0000000085800000, 0x0000000085800000, 0x0000000085900000|  0%| F|  |TAMS 0x0000000085800000, 0x0000000085800000| Untracked 
|  37|0x0000000085900000, 0x0000000085900000, 0x0000000085a00000|  0%| F|  |TAMS 0x0000000085900000, 0x0000000085900000| Untracked 
|  38|0x0000000085a00000, 0x0000000085a00000, 0x0000000085b00000|  0%| F|  |TAMS 0x0000000085a00000, 0x0000000085a00000| Untracked 
|  39|0x0000000085b00000, 0x0000000085b00000, 0x0000000085c00000|  0%| F|  |TAMS 0x0000000085b00000, 0x0000000085b00000| Untracked 
|  40|0x0000000085c00000, 0x0000000085c00000, 0x0000000085d00000|  0%| F|  |TAMS 0x0000000085c00000, 0x0000000085c00000| Untracked 
|  41|0x0000000085d00000, 0x0000000085d00000, 0x0000000085e00000|  0%| F|  |TAMS 0x0000000085d00000, 0x0000000085d00000| Untracked 
|  42|0x0000000085e00000, 0x0000000085e00000, 0x0000000085f00000|  0%| F|  |TAMS 0x0000000085e00000, 0x0000000085e00000| Untracked 
|  43|0x0000000085f00000, 0x0000000085f00000, 0x0000000086000000|  0%| F|  |TAMS 0x0000000085f00000, 0x0000000085f00000| Untracked 
|  44|0x0000000086000000, 0x0000000086000000, 0x0000000086100000|  0%| F|  |TAMS 0x0000000086000000, 0x0000000086000000| Untracked 
|  45|0x0000000086100000, 0x0000000086100000, 0x0000000086200000|  0%| F|  |TAMS 0x0000000086100000, 0x0000000086100000| Untracked 
|  46|0x0000000086200000, 0x0000000086200000, 0x0000000086300000|  0%| F|  |TAMS 0x0000000086200000, 0x0000000086200000| Untracked 
|  47|0x0000000086300000, 0x0000000086300000, 0x0000000086400000|  0%| F|  |TAMS 0x0000000086300000, 0x0000000086300000| Untracked 
|  48|0x0000000086400000, 0x0000000086400000, 0x0000000086500000|  0%| F|  |TAMS 0x0000000086400000, 0x0000000086400000| Untracked 
|  49|0x0000000086500000, 0x0000000086500000, 0x0000000086600000|  0%| F|  |TAMS 0x0000000086500000, 0x0000000086500000| Untracked 
|  50|0x0000000086600000, 0x0000000086600000, 0x0000000086700000|  0%| F|  |TAMS 0x0000000086600000, 0x0000000086600000| Untracked 
|  51|0x0000000086700000, 0x0000000086700000, 0x0000000086800000|  0%| F|  |TAMS 0x0000000086700000, 0x0000000086700000| Untracked 
|  52|0x0000000086800000, 0x0000000086800000, 0x0000000086900000|  0%| F|  |TAMS 0x0000000086800000, 0x0000000086800000| Untracked 
|  53|0x0000000086900000, 0x0000000086900000, 0x0000000086a00000|  0%| F|  |TAMS 0x0000000086900000, 0x0000000086900000| Untracked 
|  54|0x0000000086a00000, 0x0000000086a00000, 0x0000000086b00000|  0%| F|  |TAMS 0x0000000086a00000, 0x0000000086a00000| Untracked 
|  55|0x0000000086b00000, 0x0000000086b00000, 0x0000000086c00000|  0%| F|  |TAMS 0x0000000086b00000, 0x0000000086b00000| Untracked 
|  56|0x0000000086c00000, 0x0000000086c00000, 0x0000000086d00000|  0%| F|  |TAMS 0x0000000086c00000, 0x0000000086c00000| Untracked 
|  57|0x0000000086d00000, 0x0000000086d00000, 0x0000000086e00000|  0%| F|  |TAMS 0x0000000086d00000, 0x0000000086d00000| Untracked 
|  58|0x0000000086e00000, 0x0000000086e00000, 0x0000000086f00000|  0%| F|  |TAMS 0x0000000086e00000, 0x0000000086e00000| Untracked 
|  59|0x0000000086f00000, 0x0000000086f00000, 0x0000000087000000|  0%| F|  |TAMS 0x0000000086f00000, 0x0000000086f00000| Untracked 
|  60|0x0000000087000000, 0x0000000087000000, 0x0000000087100000|  0%| F|  |TAMS 0x0000000087000000, 0x0000000087000000| Untracked 
|  61|0x0000000087100000, 0x0000000087100000, 0x0000000087200000|  0%| F|  |TAMS 0x0000000087100000, 0x0000000087100000| Untracked 
|  62|0x0000000087200000, 0x0000000087200000, 0x0000000087300000|  0%| F|  |TAMS 0x0000000087200000, 0x0000000087200000| Untracked 
|  63|0x0000000087300000, 0x0000000087300000, 0x0000000087400000|  0%| F|  |TAMS 0x0000000087300000, 0x0000000087300000| Untracked 
|  64|0x0000000087400000, 0x0000000087400000, 0x0000000087500000|  0%| F|  |TAMS 0x0000000087400000, 0x0000000087400000| Untracked 
|  65|0x0000000087500000, 0x0000000087500000, 0x0000000087600000|  0%| F|  |TAMS 0x0000000087500000, 0x0000000087500000| Untracked 
|  66|0x0000000087600000, 0x0000000087600000, 0x0000000087700000|  0%| F|  |TAMS 0x0000000087600000, 0x0000000087600000| Untracked 
|  67|0x0000000087700000, 0x0000000087700000, 0x0000000087800000|  0%| F|  |TAMS 0x0000000087700000, 0x0000000087700000| Untracked 
|  68|0x0000000087800000, 0x0000000087800000, 0x0000000087900000|  0%| F|  |TAMS 0x0000000087800000, 0x0000000087800000| Untracked 
|  69|0x0000000087900000, 0x0000000087900000, 0x0000000087a00000|  0%| F|  |TAMS 0x0000000087900000, 0x0000000087900000| Untracked 
|  70|0x0000000087a00000, 0x0000000087a00000, 0x0000000087b00000|  0%| F|  |TAMS 0x0000000087a00000, 0x0000000087a00000| Untracked 
|  71|0x0000000087b00000, 0x0000000087b00000, 0x0000000087c00000|  0%| F|  |TAMS 0x0000000087b00000, 0x0000000087b00000| Untracked 
|  72|0x0000000087c00000, 0x0000000087c00000, 0x0000000087d00000|  0%| F|  |TAMS 0x0000000087c00000, 0x0000000087c00000| Untracked 
|  73|0x0000000087d00000, 0x0000000087d00000, 0x0000000087e00000|  0%| F|  |TAMS 0x0000000087d00000, 0x0000000087d00000| Untracked 
|  74|0x0000000087e00000, 0x0000000087e00000, 0x0000000087f00000|  0%| F|  |TAMS 0x0000000087e00000, 0x0000000087e00000| Untracked 
|  75|0x0000000087f00000, 0x0000000087f00000, 0x0000000088000000|  0%| F|  |TAMS 0x0000000087f00000, 0x0000000087f00000| Untracked 
|  76|0x0000000088000000, 0x0000000088000000, 0x0000000088100000|  0%| F|  |TAMS 0x0000000088000000, 0x0000000088000000| Untracked 
|  77|0x0000000088100000, 0x0000000088100000, 0x0000000088200000|  0%| F|  |TAMS 0x0000000088100000, 0x0000000088100000| Untracked 
|  78|0x0000000088200000, 0x0000000088200000, 0x0000000088300000|  0%| F|  |TAMS 0x0000000088200000, 0x0000000088200000| Untracked 
|  79|0x0000000088300000, 0x0000000088300000, 0x0000000088400000|  0%| F|  |TAMS 0x0000000088300000, 0x0000000088300000| Untracked 
|  80|0x0000000088400000, 0x0000000088400000, 0x0000000088500000|  0%| F|  |TAMS 0x0000000088400000, 0x0000000088400000| Untracked 
|  81|0x0000000088500000, 0x0000000088500000, 0x0000000088600000|  0%| F|  |TAMS 0x0000000088500000, 0x0000000088500000| Untracked 
|  82|0x0000000088600000, 0x0000000088600000, 0x0000000088700000|  0%| F|  |TAMS 0x0000000088600000, 0x0000000088600000| Untracked 
|  83|0x0000000088700000, 0x0000000088700000, 0x0000000088800000|  0%| F|  |TAMS 0x0000000088700000, 0x0000000088700000| Untracked 
|  84|0x0000000088800000, 0x0000000088800000, 0x0000000088900000|  0%| F|  |TAMS 0x0000000088800000, 0x0000000088800000| Untracked 
|  85|0x0000000088900000, 0x0000000088900000, 0x0000000088a00000|  0%| F|  |TAMS 0x0000000088900000, 0x0000000088900000| Untracked 
|  86|0x0000000088a00000, 0x0000000088a00000, 0x0000000088b00000|  0%| F|  |TAMS 0x0000000088a00000, 0x0000000088a00000| Untracked 
|  87|0x0000000088b00000, 0x0000000088b00000, 0x0000000088c00000|  0%| F|  |TAMS 0x0000000088b00000, 0x0000000088b00000| Untracked 
|  88|0x0000000088c00000, 0x0000000088c00000, 0x0000000088d00000|  0%| F|  |TAMS 0x0000000088c00000, 0x0000000088c00000| Untracked 
|  89|0x0000000088d00000, 0x0000000088d00000, 0x0000000088e00000|  0%| F|  |TAMS 0x0000000088d00000, 0x0000000088d00000| Untracked 
|  90|0x0000000088e00000, 0x0000000088e00000, 0x0000000088f00000|  0%| F|  |TAMS 0x0000000088e00000, 0x0000000088e00000| Untracked 
|  91|0x0000000088f00000, 0x0000000088f00000, 0x0000000089000000|  0%| F|  |TAMS 0x0000000088f00000, 0x0000000088f00000| Untracked 
|  92|0x0000000089000000, 0x0000000089000000, 0x0000000089100000|  0%| F|  |TAMS 0x0000000089000000, 0x0000000089000000| Untracked 
|  93|0x0000000089100000, 0x0000000089100000, 0x0000000089200000|  0%| F|  |TAMS 0x0000000089100000, 0x0000000089100000| Untracked 
|  94|0x0000000089200000, 0x0000000089200000, 0x0000000089300000|  0%| F|  |TAMS 0x0000000089200000, 0x0000000089200000| Untracked 
|  95|0x0000000089300000, 0x0000000089300000, 0x0000000089400000|  0%| F|  |TAMS 0x0000000089300000, 0x0000000089300000| Untracked 
|  96|0x0000000089400000, 0x0000000089400000, 0x0000000089500000|  0%| F|  |TAMS 0x0000000089400000, 0x0000000089400000| Untracked 
|  97|0x0000000089500000, 0x0000000089500000, 0x0000000089600000|  0%| F|  |TAMS 0x0000000089500000, 0x0000000089500000| Untracked 
|  98|0x0000000089600000, 0x0000000089600000, 0x0000000089700000|  0%| F|  |TAMS 0x0000000089600000, 0x0000000089600000| Untracked 
|  99|0x0000000089700000, 0x0000000089700000, 0x0000000089800000|  0%| F|  |TAMS 0x0000000089700000, 0x0000000089700000| Untracked 
| 100|0x0000000089800000, 0x0000000089800000, 0x0000000089900000|  0%| F|  |TAMS 0x0000000089800000, 0x0000000089800000| Untracked 
| 101|0x0000000089900000, 0x0000000089900000, 0x0000000089a00000|  0%| F|  |TAMS 0x0000000089900000, 0x0000000089900000| Untracked 
| 102|0x0000000089a00000, 0x0000000089a00000, 0x0000000089b00000|  0%| F|  |TAMS 0x0000000089a00000, 0x0000000089a00000| Untracked 
| 103|0x0000000089b00000, 0x0000000089b00000, 0x0000000089c00000|  0%| F|  |TAMS 0x0000000089b00000, 0x0000000089b00000| Untracked 
| 104|0x0000000089c00000, 0x0000000089c00000, 0x0000000089d00000|  0%| F|  |TAMS 0x0000000089c00000, 0x0000000089c00000| Untracked 
| 105|0x0000000089d00000, 0x0000000089d00000, 0x0000000089e00000|  0%| F|  |TAMS 0x0000000089d00000, 0x0000000089d00000| Untracked 
| 106|0x0000000089e00000, 0x0000000089e00000, 0x0000000089f00000|  0%| F|  |TAMS 0x0000000089e00000, 0x0000000089e00000| Untracked 
| 107|0x0000000089f00000, 0x0000000089f00000, 0x000000008a000000|  0%| F|  |TAMS 0x0000000089f00000, 0x0000000089f00000| Untracked 
| 108|0x000000008a000000, 0x000000008a000000, 0x000000008a100000|  0%| F|  |TAMS 0x000000008a000000, 0x000000008a000000| Untracked 
| 109|0x000000008a100000, 0x000000008a100000, 0x000000008a200000|  0%| F|  |TAMS 0x000000008a100000, 0x000000008a100000| Untracked 
| 110|0x000000008a200000, 0x000000008a200000, 0x000000008a300000|  0%| F|  |TAMS 0x000000008a200000, 0x000000008a200000| Untracked 
| 111|0x000000008a300000, 0x000000008a300000, 0x000000008a400000|  0%| F|  |TAMS 0x000000008a300000, 0x000000008a300000| Untracked 
| 112|0x000000008a400000, 0x000000008a400000, 0x000000008a500000|  0%| F|  |TAMS 0x000000008a400000, 0x000000008a400000| Untracked 
| 113|0x000000008a500000, 0x000000008a500000, 0x000000008a600000|  0%| F|  |TAMS 0x000000008a500000, 0x000000008a500000| Untracked 
| 114|0x000000008a600000, 0x000000008a600000, 0x000000008a700000|  0%| F|  |TAMS 0x000000008a600000, 0x000000008a600000| Untracked 
| 115|0x000000008a700000, 0x000000008a700000, 0x000000008a800000|  0%| F|  |TAMS 0x000000008a700000, 0x000000008a700000| Untracked 
| 116|0x000000008a800000, 0x000000008a800000, 0x000000008a900000|  0%| F|  |TAMS 0x000000008a800000, 0x000000008a800000| Untracked 
| 117|0x000000008a900000, 0x000000008a900000, 0x000000008aa00000|  0%| F|  |TAMS 0x000000008a900000, 0x000000008a900000| Untracked 
| 118|0x000000008aa00000, 0x000000008aa00000, 0x000000008ab00000|  0%| F|  |TAMS 0x000000008aa00000, 0x000000008aa00000| Untracked 
| 119|0x000000008ab00000, 0x000000008ab00000, 0x000000008ac00000|  0%| F|  |TAMS 0x000000008ab00000, 0x000000008ab00000| Untracked 
| 120|0x000000008ac00000, 0x000000008acec0f8, 0x000000008ad00000| 92%| E|  |TAMS 0x000000008ac00000, 0x000000008ac00000| Complete 
| 121|0x000000008ad00000, 0x000000008ae00000, 0x000000008ae00000|100%| E|CS|TAMS 0x000000008ad00000, 0x000000008ad00000| Complete 
| 122|0x000000008ae00000, 0x000000008af00000, 0x000000008af00000|100%| E|CS|TAMS 0x000000008ae00000, 0x000000008ae00000| Complete 
| 123|0x000000008af00000, 0x000000008b000000, 0x000000008b000000|100%| E|CS|TAMS 0x000000008af00000, 0x000000008af00000| Complete 
| 124|0x000000008b000000, 0x000000008b100000, 0x000000008b100000|100%| E|CS|TAMS 0x000000008b000000, 0x000000008b000000| Complete 
| 125|0x000000008b100000, 0x000000008b200000, 0x000000008b200000|100%| E|CS|TAMS 0x000000008b100000, 0x000000008b100000| Complete 

Card table byte_map: [0x000001eaa2550000,0x000001eaa2940000] _byte_map_base: 0x000001eaa2136000

Marking Bits (Prev, Next): (CMBitMap*) 0x000001ea8a6cfe08, (CMBitMap*) 0x000001ea8a6cfe48
 Prev Bits: [0x000001eaa2d30000, 0x000001eaa4c60000)
 Next Bits: [0x000001eaa4c60000, 0x000001eaa6b90000)

Polling page: 0x000001ea89e60000

Metaspace:

Usage:
  Non-class:      4.38 MB capacity,  1010.98 KB ( 23%) used,     3.39 MB ( 77%) free+waste,     3.38 KB ( <1%) overhead. 
      Class:    454.00 KB capacity,   106.82 KB ( 24%) used,   345.05 KB ( 76%) free+waste,     2.13 KB ( <1%) overhead. 
       Both:      4.83 MB capacity,     1.09 MB ( 23%) used,     3.73 MB ( 77%) free+waste,     5.50 KB ( <1%) overhead. 

Virtual space:
  Non-class space:        8.00 MB reserved,       4.50 MB ( 56%) committed 
      Class space:        1.00 GB reserved,     512.00 KB ( <1%) committed 
             Both:        1.01 GB reserved,       5.00 MB ( <1%) committed 

Chunk freelists:
   Non-Class:  0 bytes
       Class:  0 bytes
        Both:  0 bytes

MaxMetaspaceSize: 17179869184.00 GB
CompressedClassSpaceSize: 1.00 GB

CodeHeap 'non-profiled nmethods': size=120000Kb used=191Kb max_used=191Kb free=119808Kb
 bounds [0x000001ea9a900000, 0x000001ea9ab70000, 0x000001eaa1e30000]
CodeHeap 'profiled nmethods': size=120000Kb used=532Kb max_used=532Kb free=119467Kb
 bounds [0x000001ea933d0000, 0x000001ea93640000, 0x000001ea9a900000]
CodeHeap 'non-nmethods': size=5760Kb used=1156Kb max_used=1169Kb free=4603Kb
 bounds [0x000001ea92e30000, 0x000001ea930a0000, 0x000001ea933d0000]
 total_blobs=1186 nmethods=398 adapters=321
 compilation: enabled
              stopped_count=0, restarted_count=0
 full_count=0

Compilation events (20 events):
Event: 4.655 Thread 0x000001eaa9685800  382       3       java.lang.invoke.MemberName::isStatic (8 bytes)
Event: 4.655 Thread 0x000001eaa9685800 nmethod 382 0x000001ea93450e10 code [0x000001ea93450fa0, 0x000001ea93451178]
Event: 4.655 Thread 0x000001eaa9685800  376       3       java.util.ImmutableCollections$ListN::get (7 bytes)
Event: 4.655 Thread 0x000001eaa9685800 nmethod 376 0x000001ea93451210 code [0x000001ea934513a0, 0x000001ea934514f8]
Event: 4.655 Thread 0x000001eaa9685800  375       3       java.lang.invoke.MemberName::getMethodOrFieldType (72 bytes)
Event: 4.656 Thread 0x000001eaa9685800 nmethod 375 0x000001ea93451590 code [0x000001ea934518e0, 0x000001ea93452c68]
Event: 4.656 Thread 0x000001eaa9685800  393       3       java.lang.invoke.LambdaForm$Name::useCount (42 bytes)
Event: 4.656 Thread 0x000001eaa9685800 nmethod 393 0x000001ea93453290 code [0x000001ea93453440, 0x000001ea93453758]
Event: 4.656 Thread 0x000001eaa9685800  394       3       java.lang.invoke.LambdaForm$Name::lastUseIndex (36 bytes)
Event: 4.656 Thread 0x000001eaa9685800 nmethod 394 0x000001ea93453890 code [0x000001ea93453a40, 0x000001ea93453cf8]
Event: 4.656 Thread 0x000001eaa9685800  387       1       java.lang.invoke.LambdaForm$Name::type (5 bytes)
Event: 4.656 Thread 0x000001eaa9685800 nmethod 387 0x000001ea9a92f310 code [0x000001ea9a92f4a0, 0x000001ea9a92f578]
Event: 4.656 Thread 0x000001eaa9685800  392       3       jdk.internal.org.objectweb.asm.Frame::push (109 bytes)
Event: 4.656 Thread 0x000001eaa9685800 nmethod 392 0x000001ea93453e10 code [0x000001ea93453fe0, 0x000001ea93454588]
Event: 4.656 Thread 0x000001eaa9685800  395       3       java.lang.invoke.LambdaForm$NamedFunction::methodType (23 bytes)
Event: 4.656 Thread 0x000001eaa9685800 nmethod 395 0x000001ea93454790 code [0x000001ea93454940, 0x000001ea93454b88]
Event: 4.656 Thread 0x000001eaa9685800  384       1       java.lang.invoke.MethodTypeForm::basicType (5 bytes)
Event: 4.656 Thread 0x000001eaa9685800 nmethod 384 0x000001ea9a92fc10 code [0x000001ea9a92fda0, 0x000001ea9a92fe78]
Event: 4.656 Thread 0x000001eaa9685800  398   !   3       java.lang.invoke.MemberName::clone (14 bytes)
Event: 4.656 Thread 0x000001eaa9685800 nmethod 398 0x000001ea93454c90 code [0x000001ea93454e60, 0x000001ea93455218]

GC Heap History (0 events):
No events

Deoptimization events (20 events):
Event: 4.295 Thread 0x000001eaaa145800 Uncommon trap: trap_request=0xffffff45 fr.pc=0x000001ea9a91977c relative=0x000000000000055c
Event: 4.295 Thread 0x000001eaaa145800 Uncommon trap: reason=unstable_if action=reinterpret pc=0x000001ea9a91977c method=java.lang.Math.round(D)J @ 31 c2
Event: 4.295 Thread 0x000001eaaa145800 DEOPT PACKING pc=0x000001ea9a91977c sp=0x0000008fa5efef70
Event: 4.295 Thread 0x000001eaaa145800 DEOPT UNPACKING pc=0x000001ea92e7912f sp=0x0000008fa5efee88 mode 2
Event: 4.295 Thread 0x000001eaaa145800 Uncommon trap: trap_request=0xffffff45 fr.pc=0x000001ea9a918e50 relative=0x00000000000000b0
Event: 4.295 Thread 0x000001eaaa145800 Uncommon trap: reason=unstable_if action=reinterpret pc=0x000001ea9a918e50 method=java.lang.Math.round(D)J @ 31 c2
Event: 4.295 Thread 0x000001eaaa145800 DEOPT PACKING pc=0x000001ea9a918e50 sp=0x0000008fa5efef20
Event: 4.295 Thread 0x000001eaaa145800 DEOPT UNPACKING pc=0x000001ea92e7912f sp=0x0000008fa5efee90 mode 2
Event: 4.436 Thread 0x000001ea8a68c000 Uncommon trap: trap_request=0xffffff45 fr.pc=0x000001ea9a92327c relative=0x00000000000001bc
Event: 4.436 Thread 0x000001ea8a68c000 Uncommon trap: reason=unstable_if action=reinterpret pc=0x000001ea9a92327c method=java.util.concurrent.locks.ReentrantLock$FairSync.initialTryLock()Z @ 26 c2
Event: 4.436 Thread 0x000001ea8a68c000 DEOPT PACKING pc=0x000001ea9a92327c sp=0x0000008fa4bfefd0
Event: 4.436 Thread 0x000001ea8a68c000 DEOPT UNPACKING pc=0x000001ea92e7912f sp=0x0000008fa4bfef88 mode 2
Event: 4.633 Thread 0x000001eaaa145800 Uncommon trap: trap_request=0xffffffde fr.pc=0x000001ea9a920600 relative=0x0000000000000d40
Event: 4.633 Thread 0x000001eaaa145800 Uncommon trap: reason=class_check action=maybe_recompile pc=0x000001ea9a920600 method=java.util.concurrent.locks.AbstractQueuedSynchronizer.acquire(Ljava/util/concurrent/locks/AbstractQueuedSynchronizer$Node;IZZZJ)I @ 126 c2
Event: 4.633 Thread 0x000001eaaa145800 DEOPT PACKING pc=0x000001ea9a920600 sp=0x0000008fa5efeec0
Event: 4.633 Thread 0x000001eaaa145800 DEOPT UNPACKING pc=0x000001ea92e7912f sp=0x0000008fa5efee58 mode 2
Event: 4.656 Thread 0x000001ea8a68c000 Uncommon trap: trap_request=0xffffff45 fr.pc=0x000001ea9a9238c0 relative=0x0000000000000360
Event: 4.656 Thread 0x000001ea8a68c000 Uncommon trap: reason=unstable_if action=reinterpret pc=0x000001ea9a9238c0 method=java.util.concurrent.locks.AbstractQueuedSynchronizer.hasQueuedThreads()Z @ 12 c2
Event: 4.656 Thread 0x000001ea8a68c000 DEOPT PACKING pc=0x000001ea9a9238c0 sp=0x0000008fa4bff0e0
Event: 4.656 Thread 0x000001ea8a68c000 DEOPT UNPACKING pc=0x000001ea92e7912f sp=0x0000008fa4bfef68 mode 2

Classes unloaded (0 events):
No events

Classes redefined (0 events):
No events

Internal exceptions (0 events):
No events

Events (20 events):
Event: 4.646 loading class jdk/internal/math/FDBigInteger
Event: 4.647 loading class jdk/internal/math/FDBigInteger done
Event: 4.647 loading class jdk/internal/math/FormattedFloatingDecimal$2
Event: 4.647 loading class jdk/internal/math/FormattedFloatingDecimal$2 done
Event: 4.649 loading class java/lang/invoke/BoundMethodHandle$Species_LLL
Event: 4.649 loading class java/lang/invoke/BoundMethodHandle$Species_LLL done
Event: 4.650 loading class java/lang/invoke/BoundMethodHandle$Species_LLLL
Event: 4.650 loading class java/lang/invoke/BoundMethodHandle$Species_LLLL done
Event: 4.651 loading class java/lang/invoke/BoundMethodHandle$Species_LLLLL
Event: 4.651 loading class java/lang/invoke/BoundMethodHandle$Species_LLLLL done
Event: 4.651 loading class java/lang/invoke/BoundMethodHandle$Species_LLLLLL
Event: 4.651 loading class java/lang/invoke/BoundMethodHandle$Species_LLLLLL done
Event: 4.652 loading class java/lang/invoke/BoundMethodHandle$Species_LLLLLLL
Event: 4.652 loading class java/lang/invoke/BoundMethodHandle$Species_LLLLLLL done
Event: 4.653 loading class java/lang/invoke/BoundMethodHandle$Species_LJ
Event: 4.653 loading class java/lang/invoke/BoundMethodHandle$Species_LJ done
Event: 4.653 loading class java/lang/invoke/BoundMethodHandle$Species_LLLLLLLL
Event: 4.653 loading class java/lang/invoke/BoundMethodHandle$Species_LLLLLLLL done
Event: 4.655 loading class java/lang/invoke/BoundMethodHandle$Species_LLLLLLLLL
Event: 4.655 loading class java/lang/invoke/BoundMethodHandle$Species_LLLLLLLLL done


Dynamic libraries:
0x00007ff7cf670000 - 0x00007ff7cf67f000 	C:\Program Files\Java\jdk-14.0.1\bin\javaw.exe
0x00007ffa985c0000 - 0x00007ffa987b0000 	C:\Windows\SYSTEM32\ntdll.dll
0x00007ffa97da0000 - 0x00007ffa97e52000 	C:\Windows\System32\KERNEL32.DLL
0x00007ffa95bb0000 - 0x00007ffa95e55000 	C:\Windows\System32\KERNELBASE.dll
0x00007ffa95960000 - 0x00007ffa95a5a000 	C:\Windows\System32\ucrtbase.dll
0x00007ffa80700000 - 0x00007ffa80718000 	C:\Program Files\Java\jdk-14.0.1\bin\jli.dll
0x00007ffa806e0000 - 0x00007ffa806f5000 	C:\Program Files\Java\jdk-14.0.1\bin\VCRUNTIME140.dll
0x00007ffa96f10000 - 0x00007ffa96fb3000 	C:\Windows\System32\ADVAPI32.dll
0x00007ffa97ed0000 - 0x00007ffa97f6e000 	C:\Windows\System32\msvcrt.dll
0x00007ffa96c10000 - 0x00007ffa96ca7000 	C:\Windows\System32\sechost.dll
0x00007ffa966f0000 - 0x00007ffa96810000 	C:\Windows\System32\RPCRT4.dll
0x00007ffa97c00000 - 0x00007ffa97d94000 	C:\Windows\System32\USER32.dll
0x00007ffa95ec0000 - 0x00007ffa95ee1000 	C:\Windows\System32\win32u.dll
0x00007ffa809f0000 - 0x00007ffa80c74000 	C:\Windows\WinSxS\amd64_microsoft.windows.common-controls_6595b64144ccf1df_6.0.18362.1139_none_9e7bf2d3e4605ac6\COMCTL32.dll
0x00007ffa982b0000 - 0x00007ffa982d6000 	C:\Windows\System32\GDI32.dll
0x00007ffa96870000 - 0x00007ffa96ba5000 	C:\Windows\System32\combase.dll
0x00007ffa957c0000 - 0x00007ffa95956000 	C:\Windows\System32\gdi32full.dll
0x00007ffa95620000 - 0x00007ffa956a0000 	C:\Windows\System32\bcryptPrimitives.dll
0x00007ffa95720000 - 0x00007ffa957be000 	C:\Windows\System32\msvcp_win.dll
0x00007ffa8b220000 - 0x00007ffa8b22a000 	C:\Windows\SYSTEM32\VERSION.dll
0x00007ffa98280000 - 0x00007ffa982ae000 	C:\Windows\System32\IMM32.DLL
0x00007ffa1ea90000 - 0x00007ffa1eb2b000 	C:\Program Files\Java\jdk-14.0.1\bin\msvcp140.dll
0x00007ff9eff10000 - 0x00007ff9f0a2e000 	C:\Program Files\Java\jdk-14.0.1\bin\server\jvm.dll
0x00007ffa984f0000 - 0x00007ffa984f8000 	C:\Windows\System32\PSAPI.DLL
0x00007ffa8d9a0000 - 0x00007ffa8d9c4000 	C:\Windows\SYSTEM32\WINMM.dll
0x00007ffa763d0000 - 0x00007ffa763d9000 	C:\Windows\SYSTEM32\WSOCK32.dll
0x00007ffa97b90000 - 0x00007ffa97bff000 	C:\Windows\System32\WS2_32.dll
0x00007ffa8d970000 - 0x00007ffa8d99d000 	C:\Windows\SYSTEM32\WINMMBASE.dll
0x00007ffa956d0000 - 0x00007ffa9571a000 	C:\Windows\System32\cfgmgr32.dll
0x00007ffa95500000 - 0x00007ffa95511000 	C:\Windows\System32\kernel.appcore.dll
0x00007ffa83c30000 - 0x00007ffa83c3a000 	C:\Program Files\Java\jdk-14.0.1\bin\jimage.dll
0x00007ffa93d80000 - 0x00007ffa93f74000 	C:\Windows\SYSTEM32\DBGHELP.DLL
0x00007ffa7ddf0000 - 0x00007ffa7de1a000 	C:\Windows\SYSTEM32\dbgcore.DLL
0x00007ffa4ea10000 - 0x00007ffa4ea35000 	C:\Program Files\Java\jdk-14.0.1\bin\java.dll
0x00007ffa62190000 - 0x00007ffa621a6000 	C:\Program Files\Java\jdk-14.0.1\bin\zip.dll
0x00007ffa97430000 - 0x00007ffa97b17000 	C:\Windows\System32\SHELL32.dll
0x00007ffa96e60000 - 0x00007ffa96f09000 	C:\Windows\System32\shcore.dll
0x00007ffa95ef0000 - 0x00007ffa96670000 	C:\Windows\System32\windows.storage.dll
0x00007ffa95520000 - 0x00007ffa95543000 	C:\Windows\System32\profapi.dll
0x00007ffa954b0000 - 0x00007ffa954fa000 	C:\Windows\System32\powrprof.dll
0x00007ffa95480000 - 0x00007ffa95490000 	C:\Windows\System32\UMPDC.dll
0x00007ffa96810000 - 0x00007ffa96862000 	C:\Windows\System32\shlwapi.dll
0x00007ffa95550000 - 0x00007ffa95567000 	C:\Windows\System32\cryptsp.dll
0x00007ffa617d0000 - 0x00007ffa617e9000 	C:\Program Files\Java\jdk-14.0.1\bin\net.dll
0x00007ffa8dac0000 - 0x00007ffa8dbb0000 	C:\Windows\SYSTEM32\WINHTTP.dll
0x00007ffa94cd0000 - 0x00007ffa94d37000 	C:\Windows\system32\mswsock.dll
0x00007ffa5faf0000 - 0x00007ffa5fb02000 	C:\Program Files\Java\jdk-14.0.1\bin\nio.dll
0x000000006e780000 - 0x000000006e7c0000 	C:\Users\wangs\AppData\Local\Programs\Webots\lib\controller\java\JavaController.dll
0x000000006fc40000 - 0x000000006fdf1000 	C:\Users\wangs\AppData\Local\Programs\Webots\msys64\mingw64\bin\cpp\libstdc++-6.dll
0x0000000061440000 - 0x000000006145c000 	C:\Users\wangs\AppData\Local\Programs\Webots\msys64\mingw64\bin\cpp\libgcc_s_seh-1.dll
0x0000000064940000 - 0x0000000064956000 	C:\Users\wangs\AppData\Local\Programs\Webots\msys64\mingw64\bin\cpp\libwinpthread-1.dll
0x0000000064f40000 - 0x0000000064fac000 	C:\Users\wangs\AppData\Local\Programs\Webots\lib\controller\CppController.dll
0x000000006aa40000 - 0x000000006aac8000 	C:\Users\wangs\AppData\Local\Programs\Webots\lib\controller\Controller.dll
0x0000000063e00000 - 0x0000000063e1b000 	C:\Users\wangs\AppData\Local\Programs\Webots\RESOUR~1\projects\plugins\ROBOT_~1\generic\generic.dll

dbghelp: loaded successfully - version: 4.0.5 - missing functions: none
symbol engine: initialized successfully - sym options: 0x614 - pdb path: .;C:\Program Files\Java\jdk-14.0.1\bin;C:\Windows\SYSTEM32;C:\Windows\WinSxS\amd64_microsoft.windows.common-controls_6595b64144ccf1df_6.0.18362.1139_none_9e7bf2d3e4605ac6;C:\Program Files\Java\jdk-14.0.1\bin\server;C:\Users\wangs\AppData\Local\Programs\Webots\lib\controller\java;C:\Users\wangs\AppData\Local\Programs\Webots\msys64\mingw64\bin\cpp;C:\Users\wangs\AppData\Local\Programs\Webots\lib\controller;C:\Users\wangs\AppData\Local\Programs\Webots\RESOUR~1\projects\plugins\ROBOT_~1\generic

VM Arguments:
jvm_args: -Djava.library.path=C:/Users/wangs/AppData/Local/Programs/Webots/lib/controller/java 
java_command: TXXController
java_class_path (initial): C:/Users/wangs/AppData/Local/Programs/Webots/lib/controller/java/Controller.jar;C:/Users/wangs/DOCUME~1/FALL20~1/ECSE-211/PROJEC~1/CONTRO~1/TXXCON~1/;..\lib\simlejos.jar;..\lib\EV3WiFiClient.jar
Launcher Type: SUN_STANDARD

[Global flags]
     intx CICompilerCount                          = 4                                         {product} {ergonomic}
     uint ConcGCThreads                            = 2                                         {product} {ergonomic}
     uint G1ConcRefinementThreads                  = 8                                         {product} {ergonomic}
   size_t G1HeapRegionSize                         = 1048576                                   {product} {ergonomic}
    uintx GCDrainStackTargetSize                   = 64                                        {product} {ergonomic}
   size_t InitialHeapSize                          = 132120576                                 {product} {ergonomic}
   size_t MarkStackSize                            = 4194304                                   {product} {ergonomic}
   size_t MaxHeapSize                              = 2092957696                                {product} {ergonomic}
   size_t MaxNewSize                               = 1255145472                                {product} {ergonomic}
   size_t MinHeapDeltaBytes                        = 1048576                                   {product} {ergonomic}
   size_t MinHeapSize                              = 8388608                                   {product} {ergonomic}
    uintx NonNMethodCodeHeapSize                   = 5839372                                {pd product} {ergonomic}
    uintx NonProfiledCodeHeapSize                  = 122909434                              {pd product} {ergonomic}
    uintx ProfiledCodeHeapSize                     = 122909434                              {pd product} {ergonomic}
    uintx ReservedCodeCacheSize                    = 251658240                              {pd product} {ergonomic}
     bool SegmentedCodeCache                       = true                                      {product} {ergonomic}
   size_t SoftMaxHeapSize                          = 2092957696                             {manageable} {ergonomic}
     bool UseCompressedClassPointers               = true                                 {lp64_product} {ergonomic}
     bool UseCompressedOops                        = true                                 {lp64_product} {ergonomic}
     bool UseG1GC                                  = true                                      {product} {ergonomic}
     bool UseLargePagesIndividualAllocation        = false                                  {pd product} {ergonomic}

Logging:
Log output configuration:
 #0: stdout all=warning uptime,level,tags
 #1: stderr all=off uptime,level,tags

Environment Variables:
JAVA_HOME=C:\Program Files\Java\jdk-14.0.1
CLASSPATH=..\lib\simlejos.jar;..\lib\EV3WiFiClient.jar
PATH=C:\Users\wangs\AppData\Local\Programs\Webots\msys64\mingw64\bin\cpp;C:\Python39\Scripts\;C:\Python39\;C:\Windows\system32;C:\Windows;C:\Windows\System32\Wbem;C:\Windows\System32\WindowsPowerShell\v1.0\;C:\Windows\System32\OpenSSH\;C:\Program Files (x86)\NVIDIA Corporation\PhysX\Common;C:\Program Files\NVIDIA Corporation\NVIDIA NvDLISR;C:\Program Files\Git\cmd;C:\Program Files\Java\jdk-14.0.1\bin;C:\Users\wangs\AppData\Roaming\nvm;C:\Program Files\nodejs;C:\Users\wangs\AppData\Local\Programs\Python\Python38;C:\Program Files (x86)\Microsoft Visual Studio\2019\BuildTools\MSBuild\15.0\Bin\MSBuild.exe;C:\Program Files\PostgreSQL\12\bin;C:\Program Files\apache-maven-3.6.3-bin\apache-maven-3.6.3\bin;C:\Program Files\gradle-6.6.1-bin\gradle-6.6.1\bin;C:\Program Files\nodejs\;C:\ProgramData\chocolatey\bin;C:\Users\wangs\.windows-build-tools\python27\;C:\Users\wangs\AppData\Local\Programs\Python\Python38-32\Scripts\;C:\Users\wangs\AppData\Local\Programs\Python\Python38-32\;C:\Users\wangs\AppData\Local\Microsoft\WindowsApps;C:\Users\wangs\AppData\Local\Programs\Microsoft VS Code\bin;C:\Users\wangs\AppData\Local\GitHubDesktop\bin;C:\Program Files\JetBrains\IntelliJ IDEA 2020.2.1\bin;C:\Users\wangs\AppData\Roaming\npm;C:\Users\wangs\AppData\Local\Programs\Webots\lib\controller
USERNAME=wangs
OS=Windows_NT
PROCESSOR_IDENTIFIER=Intel64 Family 6 Model 165 Stepping 2, GenuineIntel



---------------  S Y S T E M  ---------------

OS: Windows 10 , 64 bit Build 18362 (10.0.18362.1110)
OS uptime: 5 days 5:54 hours

CPU:total 8 (initial active 8) (4 cores per cpu, 2 threads per core) family 6 model 165 stepping 2, cmov, cx8, fxsr, mmx, sse, sse2, sse3, ssse3, sse4.1, sse4.2, popcnt, avx, avx2, aes, clmul, erms, 3dnowpref, lzcnt, ht, tsc, tscinvbit, bmi1, bmi2, adx, fma

Memory: 4k page, system-wide physical 7979M (1176M free)
TotalPageFile size 20267M (AvailPageFile size 5933M)
current process WorkingSet (physical memory assigned to process): 42M, peak: 42M
current process commit charge ("private bytes"): 217M, peak: 218M

vm_info: Java HotSpot(TM) 64-Bit Server VM (14.0.1+7) for windows-amd64 JRE (14.0.1+7), built on Mar  5 2020 10:30:14 by "mach5one" with MS VC++ 15.9 (VS2017)

END.
